#
# A fatal error has been detected by the Java Runtime Environment:
#
#  EXCEPTION_ACCESS_VIOLATION (0xc0000005) at pc=0x00007ffce6d6b796, pid=10684, tid=3712
#
# JRE version: Java(TM) SE Runtime Environment (17.0.10+11) (build 17.0.10+11-LTS-240)
# Java VM: Java HotSpot(TM) 64-Bit Server VM (17.0.10+11-LTS-240, mixed mode, sharing, tiered, compressed oops, compressed class ptrs, g1 gc, windows-amd64)
# Problematic frame:
# C  [glass.dll+0x1b796]
#
# No core dump will be written. Minidumps are not enabled by default on client versions of Windows
#
# If you would like to submit a bug report, please visit:
#   https://bugreport.java.com/bugreport/crash.jsp
# The crash happened outside the Java Virtual Machine in native code.
# See problematic frame for where to report the bug.
#

---------------  S U M M A R Y ------------

Command Line: --module-path=C:\Kouluasiat\Ohj3Java\group3746\WeatherApp\target\classes;C:\Users\Matias\.m2\repository\com\google\code\gson\gson\2.9.0\gson-2.9.0.jar;C:\Users\Matias\.m2\repository\org\openjfx\javafx-base\19\javafx-base-19-win.jar;C:\Users\Matias\.m2\repository\org\openjfx\javafx-controls\19\javafx-controls-19-win.jar;C:\Users\Matias\.m2\repository\org\openjfx\javafx-graphics\19\javafx-graphics-19-win.jar --add-modules=fi.tuni.progthree.weatherapp -Djdk.module.main=fi.tuni.progthree.weatherapp fi.tuni.progthree.weatherapp/fi.tuni.prog3.weatherapp.WeatherApp

Host: 12th Gen Intel(R) Core(TM) i5-1240P, 16 cores, 15G,  Windows 11 , 64 bit Build 22621 (10.0.22621.3235)
Time: Mon Apr 22 20:08:17 2024 Suomen kesäaika elapsed time: 3.589101 seconds (0d 0h 0m 3s)

---------------  T H R E A D  ---------------

Current thread (0x0000015cc527f770):  JavaThread "JavaFX Application Thread" [_thread_in_native, id=3712, stack(0x0000001fb7f00000,0x0000001fb8000000)]

Stack: [0x0000001fb7f00000,0x0000001fb8000000],  sp=0x0000001fb7ffe0e0,  free space=1016k
Native frames: (J=compiled Java code, j=interpreted, Vv=VM code, C=native code)
C  [glass.dll+0x1b796]

Java frames: (J=compiled Java code, j=interpreted, Vv=VM code)
j  com.sun.glass.ui.win.WinWindow._close(J)Z+0 javafx.graphics@19
j  com.sun.glass.ui.Window.close()V+63 javafx.graphics@19
j  com.sun.glass.ui.win.WinWindow.close()V+8 javafx.graphics@19
j  com.sun.glass.ui.Application.terminate()V+75 javafx.graphics@19
j  com.sun.javafx.tk.quantum.QuantumToolkit.lambda$exit$13()Ljava/lang/Object;+5 javafx.graphics@19
j  com.sun.javafx.tk.quantum.QuantumToolkit$$Lambda$453+0x0000015c81240218.get()Ljava/lang/Object;+0 javafx.graphics@19
j  com.sun.javafx.tk.quantum.QuantumToolkit.runWithRenderLock(Ljava/util/function/Supplier;)Ljava/lang/Object;+7 javafx.graphics@19
j  com.sun.javafx.tk.quantum.QuantumToolkit.exit()V+26 javafx.graphics@19
j  com.sun.javafx.application.PlatformImpl.lambda$tkExit$16()V+3 javafx.graphics@19
j  com.sun.javafx.application.PlatformImpl$$Lambda$452+0x0000015c81240000.run()V+0 javafx.graphics@19
j  com.sun.javafx.application.PlatformImpl.lambda$runAndWait$12(Ljava/lang/Runnable;Ljava/util/concurrent/CountDownLatch;)V+1 javafx.graphics@19
j  com.sun.javafx.application.PlatformImpl$$Lambda$91+0x0000015c8103f640.run()V+8 javafx.graphics@19
j  com.sun.javafx.application.PlatformImpl.lambda$runLater$10(Ljava/lang/Runnable;)Ljava/lang/Void;+1 javafx.graphics@19
j  com.sun.javafx.application.PlatformImpl$$Lambda$93+0x0000015c81084c68.run()Ljava/lang/Object;+4 javafx.graphics@19
J 1884 c1 java.security.AccessController.doPrivileged(Ljava/security/PrivilegedAction;Ljava/security/AccessControlContext;)Ljava/lang/Object; java.base@17.0.10 (17 bytes) @ 0x0000015ce29a075c [0x0000015ce29a0580+0x00000000000001dc]
j  com.sun.javafx.application.PlatformImpl.lambda$runLater$11(Ljava/lang/Runnable;Ljava/security/AccessControlContext;)V+7 javafx.graphics@19
j  com.sun.javafx.application.PlatformImpl$$Lambda$92+0x0000015c81084000.run()V+8 javafx.graphics@19
j  com.sun.glass.ui.InvokeLaterDispatcher$Future.run()V+4 javafx.graphics@19
v  ~StubRoutines::call_stub
j  com.sun.glass.ui.win.WinApplication._runLoop(Ljava/lang/Runnable;)V+0 javafx.graphics@19
j  com.sun.glass.ui.win.WinApplication.lambda$runLoop$3(ILjava/lang/Runnable;)V+8 javafx.graphics@19
j  com.sun.glass.ui.win.WinApplication$$Lambda$81+0x0000015c8102d800.run()V+12 javafx.graphics@19
j  java.lang.Thread.run()V+11 java.base@17.0.10
v  ~StubRoutines::call_stub

siginfo: EXCEPTION_ACCESS_VIOLATION (0xc0000005), reading address 0x0000000000000120


Registers:
RAX=0x0000000000000000, RBX=0x0000000000000000, RCX=0x0000000000000000, RDX=0x0000000000000000
RSP=0x0000001fb7ffe0e0, RBP=0x0000000000000000, RSI=0x0000000000000401, RDI=0x0000001fb7ffe430
R8 =0x0000001fb7ffe430, R9 =0x0000000000000000, R10=0x00007ffce6d78838, R11=0x0000000000000246
R12=0x0000000000000000, R13=0x0000000000000000, R14=0x0000000000000000, R15=0x0000000000000000
RIP=0x00007ffce6d6b796, EFLAGS=0x0000000000010202


Register to memory mapping:

RIP=0x00007ffce6d6b796 glass.dll
RAX=0x0 is NULL
RBX=0x0 is NULL
RCX=0x0 is NULL
RDX=0x0 is NULL
RSP=0x0000001fb7ffe0e0 is pointing into the stack for thread: 0x0000015cc527f770
RBP=0x0 is NULL
RSI=0x0000000000000401 is an unknown value
RDI=0x0000001fb7ffe430 is pointing into the stack for thread: 0x0000015cc527f770
R8 =0x0000001fb7ffe430 is pointing into the stack for thread: 0x0000015cc527f770
R9 =0x0 is NULL
R10=0x00007ffce6d78838 glass.dll
R11=0x0000000000000246 is an unknown value
R12=0x0 is NULL
R13=0x0 is NULL
R14=0x0 is NULL
R15=0x0 is NULL


Top of Stack: (sp=0x0000001fb7ffe0e0)
0x0000001fb7ffe0e0:   0000000000000578 0000001fb7ffe0f0
0x0000001fb7ffe0f0:   0000000000180016 00007ffce6d775d0
0x0000001fb7ffe100:   0000001fb7ffe430 00007ffce6d6a521
0x0000001fb7ffe110:   0000000000000000 0000001fb7ffe430
0x0000001fb7ffe120:   0000000000000401 0000015cd920c020
0x0000001fb7ffe130:   0000015cc5128580 00007ffce6d5a2d5
0x0000001fb7ffe140:   0000001fb7ffe430 0000000000000001
0x0000001fb7ffe150:   0000015ce9a8c0f3 00007ffc75f6db65
0x0000001fb7ffe160:   0000000000000000 00007ffce6d517bc
0x0000001fb7ffe170:   0000015cc5128580 0000001fb7ffe430
0x0000001fb7ffe180:   0000000000000401 0000000000070bf4
0x0000001fb7ffe190:   0000000000000401 00007ffd1cf38241
0x0000001fb7ffe1a0:   0000000000000000 0000001fb7ffe368
0x0000001fb7ffe1b0:   0000000080000022 0000000000000001
0x0000001fb7ffe1c0:   00000000000003d8 0000015cc150df20
0x0000001fb7ffe1d0:   0000015cfe736f80 0000001fb7ffe410 

Instructions: (pc=0x00007ffce6d6b796)
0x00007ffce6d6b696:   a8 00 00 00 41 5e 41 5d 41 5c 5e 5d 5b c3 cc cc
0x00007ffce6d6b6a6:   cc cc cc cc cc cc cc cc cc cc b0 01 c3 cc cc cc
0x00007ffce6d6b6b6:   cc cc cc cc cc cc cc cc cc cc 48 89 5c 24 08 57
0x00007ffce6d6b6c6:   48 83 ec 30 48 8b fa 48 8b d9 48 39 91 20 01 00
0x00007ffce6d6b6d6:   00 0f 84 a5 00 00 00 e8 ae 00 00 00 48 8b 93 20
0x00007ffce6d6b6e6:   01 00 00 48 85 d2 75 04 48 8b 53 08 48 89 54 24
0x00007ffce6d6b6f6:   20 4c 8b c7 48 85 ff 75 04 4c 8b 43 08 48 8d 0d
0x00007ffce6d6b706:   16 e9 00 00 4c 89 44 24 28 e8 3c 7f fe ff 48 8b
0x00007ffce6d6b716:   4c 24 20 4c 8d 44 24 20 48 8d 15 eb f8 ff ff ff
0x00007ffce6d6b726:   15 b5 de 01 00 48 8b 05 2e e2 01 00 48 85 c0 75
0x00007ffce6d6b736:   04 33 c9 eb 03 8b 48 40 4c 8d 44 24 20 48 8d 15
0x00007ffce6d6b746:   06 f9 ff ff ff 15 98 de 01 00 48 89 bb 20 01 00
0x00007ffce6d6b756:   00 e8 d4 37 00 00 4c 8b 05 9d e5 01 00 48 8b c8
0x00007ffce6d6b766:   48 8b 93 c0 00 00 00 4c 8b cf e8 7b 99 fe ff e8
0x00007ffce6d6b776:   b6 37 00 00 48 8b c8 e8 ce 36 00 00 48 8b 5c 24
0x00007ffce6d6b786:   40 48 83 c4 30 5f c3 cc cc cc 40 57 48 83 ec 20
0x00007ffce6d6b796:   48 8b 81 20 01 00 00 48 8b f9 48 85 c0 75 04 48
0x00007ffce6d6b7a6:   8b 41 08 48 3b 05 d0 e4 01 00 75 3b 48 89 5c 24
0x00007ffce6d6b7b6:   30 e8 74 37 00 00 4c 8b 05 2d e5 01 00 48 8b c8
0x00007ffce6d6b7c6:   48 8b 97 c0 00 00 00 48 8b d8 e8 1b 99 fe ff 48
0x00007ffce6d6b7d6:   8b cb e8 73 36 00 00 48 8b 5c 24 30 48 c7 05 93
0x00007ffce6d6b7e6:   e4 01 00 00 00 00 00 48 83 c4 20 5f c3 cc cc cc
0x00007ffce6d6b7f6:   cc cc cc cc cc cc cc cc cc cc 40 53 48 83 ec 50
0x00007ffce6d6b806:   48 8b 05 b3 b9 01 00 48 33 c4 48 89 44 24 40 48
0x00007ffce6d6b816:   8b d9 48 8b 49 08 ff 15 3e dd 01 00 85 c0 0f 85
0x00007ffce6d6b826:   1b 01 00 00 48 8b 4b 08 48 8d 54 24 30 ff 15 8f
0x00007ffce6d6b836:   db 01 00 48 8b 4b 08 48 8d 54 24 20 ff 15 e8 db
0x00007ffce6d6b846:   01 00 48 8b 4b 08 4c 8d 44 24 20 41 b9 02 00 00
0x00007ffce6d6b856:   00 33 d2 ff 15 d9 db 01 00 8b 44 24 24 2b 44 24
0x00007ffce6d6b866:   34 8b 4c 24 20 2b 4c 24 30 8b 54 24 3c 2b 54 24
0x00007ffce6d6b876:   2c 44 8b 44 24 38 44 2b 44 24 28 89 83 0c 01 00
0x00007ffce6d6b886:   00 89 8b 08 01 00 00 89 93 14 01 00 00 44 89 83 


Stack slot to memory mapping:
stack at sp + 0 slots: 0x0000000000000578 is an unknown value
stack at sp + 1 slots: 0x0000001fb7ffe0f0 is pointing into the stack for thread: 0x0000015cc527f770
stack at sp + 2 slots: 0x0000000000180016 is an unknown value
stack at sp + 3 slots: 0x00007ffce6d775d0 glass.dll
stack at sp + 4 slots: 0x0000001fb7ffe430 is pointing into the stack for thread: 0x0000015cc527f770
stack at sp + 5 slots: 0x00007ffce6d6a521 glass.dll
stack at sp + 6 slots: 0x0 is NULL
stack at sp + 7 slots: 0x0000001fb7ffe430 is pointing into the stack for thread: 0x0000015cc527f770


Compiled method (c1)    3646 1884       3       java.security.AccessController::doPrivileged (17 bytes)
 total in heap  [0x0000015ce29a0390,0x0000015ce29a0ac8] = 1848
 relocation     [0x0000015ce29a04e8,0x0000015ce29a0570] = 136
 main code      [0x0000015ce29a0580,0x0000015ce29a08c0] = 832
 stub code      [0x0000015ce29a08c0,0x0000015ce29a0938] = 120
 metadata       [0x0000015ce29a0938,0x0000015ce29a0950] = 24
 scopes data    [0x0000015ce29a0950,0x0000015ce29a0a00] = 176
 scopes pcs     [0x0000015ce29a0a00,0x0000015ce29a0ab0] = 176
 dependencies   [0x0000015ce29a0ab0,0x0000015ce29a0ab8] = 8
 nul chk table  [0x0000015ce29a0ab8,0x0000015ce29a0ac8] = 16

[Constant Pool (empty)]

[MachCode]
[Verified Entry Point]
  # {method} {0x0000015c8043c5d8} 'doPrivileged' '(Ljava/security/PrivilegedAction;Ljava/security/AccessControlContext;)Ljava/lang/Object;' in 'java/security/AccessController'
  # parm0:    rdx:rdx   = 'java/security/PrivilegedAction'
  # parm1:    r8:r8     = 'java/security/AccessControlContext'
  #           [sp+0x80]  (sp of caller)
  0x0000015ce29a0580: 8984 2400 | 90ff ff55 | 4883 ec70 

  0x0000015ce29a058c: ;   {metadata(method data for {method} {0x0000015c8043c5d8} 'doPrivileged' '(Ljava/security/PrivilegedAction;Ljava/security/AccessControlContext;)Ljava/lang/Object;' in 'java/security/AccessController')}
  0x0000015ce29a058c: 48be 7016 | 30c1 5c01 | 0000 8bbe | cc00 0000 | 83c7 0289 | becc 0000 | 0081 e7fe | 0700 0083 
  0x0000015ce29a05ac: ff00 0f84 | 4402 0000 | 4c89 4424 | 4048 8954 

  0x0000015ce29a05bc: ;   {metadata(method data for {method} {0x0000015c8043c5d8} 'doPrivileged' '(Ljava/security/PrivilegedAction;Ljava/security/AccessControlContext;)Ljava/lang/Object;' in 'java/security/AccessController')}
  0x0000015ce29a05bc: 2448 48be | 7016 30c1 | 5c01 0000 | 4883 8610 | 0100 0001 | 0f1f 8000 

  0x0000015ce29a05d4: ;   {static_call}
  0x0000015ce29a05d4: 0000 00e8 

  0x0000015ce29a05d8: ; ImmutableOopMap {[64]=Oop [72]=Oop }
                      ;*invokestatic getCallerClass {reexecute=0 rethrow=0 return_oop=0}
                      ; - java.security.AccessController::doPrivileged@0 (line 397)
  0x0000015ce29a05d8: 644c 8607 

  0x0000015ce29a05dc: ;   {metadata(method data for {method} {0x0000015c8043c5d8} 'doPrivileged' '(Ljava/security/PrivilegedAction;Ljava/security/AccessControlContext;)Ljava/lang/Object;' in 'java/security/AccessController')}
  0x0000015ce29a05dc: 48ba 7016 | 30c1 5c01 | 0000 4883 | 8220 0100 | 0001 488b | 5424 404c | 8bc0 4889 | 4424 500f 
  0x0000015ce29a05fc: ;   {static_call}
  0x0000015ce29a05fc: 1f40 00e8 

  0x0000015ce29a0600: ; ImmutableOopMap {[72]=Oop [80]=Oop }
                      ;*invokestatic checkContext {reexecute=0 rethrow=0 return_oop=0}
                      ; - java.security.AccessController::doPrivileged@6 (line 398)
  0x0000015ce29a0600: 1cf0 ffff | 4889 4424 

  0x0000015ce29a0608: ;   {metadata(method data for {method} {0x0000015c8043c5d8} 'doPrivileged' '(Ljava/security/PrivilegedAction;Ljava/security/AccessControlContext;)Ljava/lang/Object;' in 'java/security/AccessController')}
  0x0000015ce29a0608: 5848 ba70 | 1630 c15c | 0100 0048 | 8382 3001 

  0x0000015ce29a0618: ;   {metadata(method data for {method} {0x0000015c8043baf8} 'executePrivileged' '(Ljava/security/PrivilegedAction;Ljava/security/AccessControlContext;Ljava/lang/Class;)Ljava/lang/Object;' in 'java/security/AccessController')}
  0x0000015ce29a0618: 0000 0148 | ba38 eb07 | c15c 0100 | 008b b2cc | 0000 0083 | c602 89b2 | cc00 0000 | 81e6 feff 
  0x0000015ce29a0638: 1f00 83fe | 000f 84d6 | 0100 0048 

  0x0000015ce29a0644: ;   {metadata(method data for {method} {0x0000015c8043baf8} 'executePrivileged' '(Ljava/security/PrivilegedAction;Ljava/security/AccessControlContext;Ljava/lang/Class;)Ljava/lang/Object;' in 'java/security/AccessController')}
  0x0000015ce29a0644: 83f8 0048 | ba38 eb07 | c15c 0100 | 0048 be10 | 0100 0000 | 0000 000f | 840a 0000 | 0048 be20 
  0x0000015ce29a0664: 0100 0000 | 0000 0048 | 8b3c 3248 | 8d7f 0148 | 893c 320f | 841f 0000 

  0x0000015ce29a067c: ;   {metadata(method data for {method} {0x0000015c8043baf8} 'executePrivileged' '(Ljava/security/PrivilegedAction;Ljava/security/AccessControlContext;Ljava/lang/Class;)Ljava/lang/Object;' in 'java/security/AccessController')}
  0x0000015ce29a067c: 0048 ba38 | eb07 c15c | 0100 0048 | 8382 3001 | 0000 0148 | 8bd0 0f1f 

  0x0000015ce29a0694: ;   {static_call}
  0x0000015ce29a0694: 4400 00e8 

  0x0000015ce29a0698: ; ImmutableOopMap {[72]=Oop [80]=Oop [88]=Oop }
                      ;*invokestatic ensureMaterializedForStackWalk {reexecute=0 rethrow=0 return_oop=0}
                      ; - java.security.AccessController::executePrivileged@5 (line 772)
                      ; - java.security.AccessController::doPrivileged@13 (line 399)
  0x0000015ce29a0698: 2419 8e07 

  0x0000015ce29a069c: ;   {metadata(method data for {method} {0x0000015c8043baf8} 'executePrivileged' '(Ljava/security/PrivilegedAction;Ljava/security/AccessControlContext;Ljava/lang/Class;)Ljava/lang/Object;' in 'java/security/AccessController')}
  0x0000015ce29a069c: 48ba 38eb | 07c1 5c01 | 0000 ff82 | 4001 0000 | 488b 5424 | 4848 3b02 

  0x0000015ce29a06b4: ;   {metadata(method data for {method} {0x0000015c8043baf8} 'executePrivileged' '(Ljava/security/PrivilegedAction;Ljava/security/AccessControlContext;Ljava/lang/Class;)Ljava/lang/Object;' in 'java/security/AccessController')}
  0x0000015ce29a06b4: 488b f248 | bf38 eb07 | c15c 0100 | 008b 7608 | 49ba 0000 | 0080 5c01 | 0000 4903 | f248 3bb7 
  0x0000015ce29a06d4: b001 0000 | 750d 4883 | 87b8 0100 | 0001 e966 | 0000 0048 | 3bb7 c001 | 0000 750d | 4883 87c8 
  0x0000015ce29a06f4: 0100 0001 | e950 0000 | 0048 81bf | b001 0000 | 0000 0000 | 7517 4889 | b7b0 0100 | 0048 c787 
  0x0000015ce29a0714: b801 0000 | 0100 0000 | e92c 0000 | 0048 81bf | c001 0000 | 0000 0000 | 7517 4889 | b7c0 0100 
  0x0000015ce29a0734: 0048 c787 | c801 0000 | 0100 0000 | e908 0000 | 0048 8387 | a001 0000 | 0148 b8e0 | 184c ce5c 
  0x0000015ce29a0754: ;   {virtual_call}
  0x0000015ce29a0754: 0100 00e8 

  0x0000015ce29a0758: ; ImmutableOopMap {[80]=Oop [88]=Oop }
                      ;*invokeinterface run {reexecute=0 rethrow=0 return_oop=0}
                      ; - java.security.AccessController::executePrivileged@29 (line 776)
                      ; - java.security.AccessController::doPrivileged@13 (line 399)
  0x0000015ce29a0758: 347f 3007 

  0x0000015ce29a075c: ;   {metadata(method data for {method} {0x0000015c8043baf8} 'executePrivileged' '(Ljava/security/PrivilegedAction;Ljava/security/AccessControlContext;Ljava/lang/Class;)Ljava/lang/Object;' in 'java/security/AccessController')}
  0x0000015ce29a075c: 48be 38eb | 07c1 5c01 | 0000 ff86 | d801 0000 | 488b 7424 

  0x0000015ce29a0770: ;   {metadata(method data for {method} {0x0000015c8043baf8} 'executePrivileged' '(Ljava/security/PrivilegedAction;Ljava/security/AccessControlContext;Ljava/lang/Class;)Ljava/lang/Object;' in 'java/security/AccessController')}
  0x0000015ce29a0770: 5048 bf38 | eb07 c15c | 0100 0048 | 8387 3802 

  0x0000015ce29a0780: ;   {metadata(method data for {method} {0x0000015c803d0fb8} 'reachabilityFence' '(Ljava/lang/Object;)V' in 'java/lang/ref/Reference')}
  0x0000015ce29a0780: 0000 0148 | bfe0 ed07 | c15c 0100 | 008b 9fcc | 0000 0083 | c302 899f | cc00 0000 | 81e3 feff 
  0x0000015ce29a07a0: 1f00 83fb | 000f 8494 

  0x0000015ce29a07a8: ;   {metadata(method data for {method} {0x0000015c8043baf8} 'executePrivileged' '(Ljava/security/PrivilegedAction;Ljava/security/AccessControlContext;Ljava/lang/Class;)Ljava/lang/Object;' in 'java/security/AccessController')}
  0x0000015ce29a07a8: 0000 0048 | be38 eb07 | c15c 0100 | 0048 8386 | 4802 0000 

  0x0000015ce29a07bc: ;   {metadata(method data for {method} {0x0000015c803d0fb8} 'reachabilityFence' '(Ljava/lang/Object;)V' in 'java/lang/ref/Reference')}
  0x0000015ce29a07bc: 0148 bee0 | ed07 c15c | 0100 008b | becc 0000 | 0083 c702 | 89be cc00 | 0000 81e7 | feff 1f00 
  0x0000015ce29a07dc: 83ff 000f | 847b 0000 | 0048 83c4 

  0x0000015ce29a07e8: ;   {poll_return}
  0x0000015ce29a07e8: 705d 493b | a748 0300 | 000f 878a | 0000 00c3 

  0x0000015ce29a07f8: ;   {metadata({method} {0x0000015c8043c5d8} 'doPrivileged' '(Ljava/security/PrivilegedAction;Ljava/security/AccessControlContext;)Ljava/lang/Object;' in 'java/security/AccessController')}
  0x0000015ce29a07f8: 49ba d0c5 | 4380 5c01 | 0000 4c89 | 5424 0848 | c704 24ff 

  0x0000015ce29a080c: ;   {runtime_call counter_overflow Runtime1 stub}
  0x0000015ce29a080c: ffff ffe8 

  0x0000015ce29a0810: ; ImmutableOopMap {rdx=Oop r8=Oop }
                      ;*synchronization entry
                      ; - java.security.AccessController::doPrivileged@-1 (line 397)
  0x0000015ce29a0810: 6caf 1d07 | e99b fdff 

  0x0000015ce29a0818: ;   {metadata({method} {0x0000015c8043baf8} 'executePrivileged' '(Ljava/security/PrivilegedAction;Ljava/security/AccessControlContext;Ljava/lang/Class;)Ljava/lang/Object;' in 'java/security/AccessController')}
  0x0000015ce29a0818: ff49 baf0 | ba43 805c | 0100 004c | 8954 2408 | 48c7 0424 | ffff ffff 

  0x0000015ce29a0830: ;   {runtime_call counter_overflow Runtime1 stub}
  0x0000015ce29a0830: e84b af1d 

  0x0000015ce29a0834: ; ImmutableOopMap {[72]=Oop [80]=Oop rax=Oop [88]=Oop }
                      ;*synchronization entry
                      ; - java.security.AccessController::executePrivileged@-1 (line 771)
                      ; - java.security.AccessController::doPrivileged@13 (line 399)
  0x0000015ce29a0834: 07e9 09fe 

  0x0000015ce29a0838: ;   {runtime_call throw_null_pointer_exception Runtime1 stub}
  0x0000015ce29a0838: ffff e861 

  0x0000015ce29a083c: ; ImmutableOopMap {[80]=Oop rdx=Oop [88]=Oop }
                      ;*invokeinterface run {reexecute=0 rethrow=0 return_oop=0}
                      ; - java.security.AccessController::executePrivileged@29 (line 776)
                      ; - java.security.AccessController::doPrivileged@13 (line 399)
                      ;   {metadata({method} {0x0000015c803d0fb8} 'reachabilityFence' '(Ljava/lang/Object;)V' in 'java/lang/ref/Reference')}
  0x0000015ce29a083c: 5e1d 0749 | bab0 0f3d | 805c 0100 | 004c 8954 | 2408 48c7 | 0424 ffff 

  0x0000015ce29a0854: ;   {runtime_call counter_overflow Runtime1 stub}
  0x0000015ce29a0854: ffff e825 

  0x0000015ce29a0858: ; ImmutableOopMap {rax=Oop rsi=Oop }
                      ;*synchronization entry
                      ; - java.lang.ref.Reference::reachabilityFence@-1 (line 621)
                      ; - java.security.AccessController::executePrivileged@56 (line 781)
                      ; - java.security.AccessController::doPrivileged@13 (line 399)
  0x0000015ce29a0858: af1d 07e9 | 4bff ffff 

  0x0000015ce29a0860: ;   {metadata({method} {0x0000015c803d0fb8} 'reachabilityFence' '(Ljava/lang/Object;)V' in 'java/lang/ref/Reference')}
  0x0000015ce29a0860: 49ba b00f | 3d80 5c01 | 0000 4c89 | 5424 0848 | c704 24ff 

  0x0000015ce29a0874: ;   {runtime_call counter_overflow Runtime1 stub}
  0x0000015ce29a0874: ffff ffe8 

  0x0000015ce29a0878: ; ImmutableOopMap {rax=Oop }
                      ;*synchronization entry
                      ; - java.lang.ref.Reference::reachabilityFence@-1 (line 621)
                      ; - java.security.AccessController::executePrivileged@60 (line 782)
                      ; - java.security.AccessController::doPrivileged@13 (line 399)
  0x0000015ce29a0878: 04af 1d07 | e964 ffff 

  0x0000015ce29a0880: ;   {internal_word}
  0x0000015ce29a0880: ff49 baea | 079a e25c | 0100 004d | 8997 6003 

  0x0000015ce29a0890: ;   {runtime_call SafepointBlob}
  0x0000015ce29a0890: 0000 e969 | 2b13 0790 | 9049 8b87 | d803 0000 | 49c7 87d8 | 0300 0000 | 0000 0049 | c787 e003 
  0x0000015ce29a08b0: 0000 0000 | 0000 4883 

  0x0000015ce29a08b8: ;   {runtime_call unwind_exception Runtime1 stub}
  0x0000015ce29a08b8: c470 5de9 | 407e 1407 
[Stub Code]
  0x0000015ce29a08c0: ;   {no_reloc}
  0x0000015ce29a08c0: 0f1f 4400 

  0x0000015ce29a08c4: ;   {static_stub}
  0x0000015ce29a08c4: 0048 bb00 | 0000 0000 

  0x0000015ce29a08cc: ;   {runtime_call}
  0x0000015ce29a08cc: 0000 00e9 | fbff ffff 

  0x0000015ce29a08d4: ;   {static_stub}
  0x0000015ce29a08d4: 9048 bb00 | 0000 0000 

  0x0000015ce29a08dc: ;   {runtime_call}
  0x0000015ce29a08dc: 0000 00e9 | fbff ffff 

  0x0000015ce29a08e4: ;   {static_stub}
  0x0000015ce29a08e4: 9048 bb00 | 0000 0000 

  0x0000015ce29a08ec: ;   {runtime_call}
  0x0000015ce29a08ec: 0000 00e9 | fbff ffff 

  0x0000015ce29a08f4: ;   {static_stub}
  0x0000015ce29a08f4: 9048 bb00 | 0000 0000 

  0x0000015ce29a08fc: ;   {runtime_call}
  0x0000015ce29a08fc: 0000 00e9 | fbff ffff 
[Exception Handler]
  0x0000015ce29a0904: ;   {runtime_call handle_exception_from_callee Runtime1 stub}
  0x0000015ce29a0904: e877 7b1d 

  0x0000015ce29a0908: ;   {external_word}
  0x0000015ce29a0908: 0748 b9a0 | e04b 76fc | 7f00 0048 

  0x0000015ce29a0914: ;   {runtime_call}
  0x0000015ce29a0914: 83e4 f049 | bae0 da19 | 76fc 7f00 | 0041 ffd2 

  0x0000015ce29a0924: ;   {section_word}
  0x0000015ce29a0924: f449 ba25 | 099a e25c | 0100 0041 

  0x0000015ce29a0930: ;   {runtime_call DeoptimizationBlob}
  0x0000015ce29a0930: 52e9 6a1d | 1307 f4f4 
[/MachCode]


---------------  P R O C E S S  ---------------

Threads class SMR info:
_java_thread_list=0x0000015cc52e4800, length=22, elements={
0x0000015cdad85250, 0x0000015cfe403ba0, 0x0000015cfe404a20, 0x0000015cfe52f1e0,
0x0000015cfe531cb0, 0x0000015cfe532670, 0x0000015cfe533030, 0x0000015cfe533dd0,
0x0000015cfe534880, 0x0000015cfe53c2d0, 0x0000015cfe5e2140, 0x0000015cfe5f1110,
0x0000015cfe6506b0, 0x0000015cfe6bd300, 0x0000015cfebde810, 0x0000015cfeec8020,
0x0000015cc527f290, 0x0000015cc527f770, 0x0000015cc52e4e00, 0x0000015cc52e6730,
0x0000015cc5760ed0, 0x0000015cc5762310
}

Java Threads: ( => current thread )
  0x0000015cdad85250 JavaThread "main" [_thread_blocked, id=15188, stack(0x0000001fb5e00000,0x0000001fb5f00000)]
  0x0000015cfe403ba0 JavaThread "Reference Handler" daemon [_thread_blocked, id=7544, stack(0x0000001fb6500000,0x0000001fb6600000)]
  0x0000015cfe404a20 JavaThread "Finalizer" daemon [_thread_blocked, id=24264, stack(0x0000001fb6600000,0x0000001fb6700000)]
  0x0000015cfe52f1e0 JavaThread "Signal Dispatcher" daemon [_thread_blocked, id=25764, stack(0x0000001fb6700000,0x0000001fb6800000)]
  0x0000015cfe531cb0 JavaThread "Attach Listener" daemon [_thread_blocked, id=2152, stack(0x0000001fb6800000,0x0000001fb6900000)]
  0x0000015cfe532670 JavaThread "Service Thread" daemon [_thread_blocked, id=14508, stack(0x0000001fb6900000,0x0000001fb6a00000)]
  0x0000015cfe533030 JavaThread "Monitor Deflation Thread" daemon [_thread_blocked, id=26756, stack(0x0000001fb6a00000,0x0000001fb6b00000)]
  0x0000015cfe533dd0 JavaThread "C2 CompilerThread0" daemon [_thread_blocked, id=21076, stack(0x0000001fb6b00000,0x0000001fb6c00000)]
  0x0000015cfe534880 JavaThread "C1 CompilerThread0" daemon [_thread_blocked, id=12548, stack(0x0000001fb6c00000,0x0000001fb6d00000)]
  0x0000015cfe53c2d0 JavaThread "Sweeper thread" daemon [_thread_blocked, id=13032, stack(0x0000001fb6d00000,0x0000001fb6e00000)]
  0x0000015cfe5e2140 JavaThread "C1 CompilerThread1" daemon [_thread_blocked, id=22644, stack(0x0000001fb6e00000,0x0000001fb6f00000)]
  0x0000015cfe5f1110 JavaThread "C1 CompilerThread2" daemon [_thread_blocked, id=22628, stack(0x0000001fb6f00000,0x0000001fb7000000)]
  0x0000015cfe6506b0 JavaThread "Common-Cleaner" daemon [_thread_blocked, id=24064, stack(0x0000001fb7000000,0x0000001fb7100000)]
  0x0000015cfe6bd300 JavaThread "C1 CompilerThread3" daemon [_thread_blocked, id=23440, stack(0x0000001fb7100000,0x0000001fb7200000)]
  0x0000015cfebde810 JavaThread "Notification Thread" daemon [_thread_blocked, id=19980, stack(0x0000001fb7900000,0x0000001fb7a00000)]
  0x0000015cfeec8020 JavaThread "QuantumRenderer-0" daemon [_thread_blocked, id=7436, stack(0x0000001fb7800000,0x0000001fb7900000)]
  0x0000015cc527f290 JavaThread "InvokeLaterDispatcher" daemon [_thread_blocked, id=8828, stack(0x0000001fb7700000,0x0000001fb7800000)]
=>0x0000015cc527f770 JavaThread "JavaFX Application Thread" [_thread_in_native, id=3712, stack(0x0000001fb7f00000,0x0000001fb8000000)]
  0x0000015cc52e4e00 JavaThread "Thread-1" daemon [_thread_in_native, id=17628, stack(0x0000001fb7600000,0x0000001fb7700000)]
  0x0000015cc52e6730 JavaThread "JavaFX-Launcher" [_thread_blocked, id=7932, stack(0x0000001fb8100000,0x0000001fb8200000)]
  0x0000015cc5760ed0 JavaThread "Prism Font Disposer" daemon [_thread_blocked, id=19656, stack(0x0000001fb8a00000,0x0000001fb8b00000)]
  0x0000015cc5762310 JavaThread "Cleaner-0" daemon [_thread_blocked, id=26288, stack(0x0000001fb8b00000,0x0000001fb8c00000)]

Other Threads:
  0x0000015cfe3fbb70 VMThread "VM Thread" [stack: 0x0000001fb6400000,0x0000001fb6500000] [id=21548]
  0x0000015cdae3b0d0 WatcherThread [stack: 0x0000001fb7a00000,0x0000001fb7b00000] [id=13884]
  0x0000015cdadf5260 GCTaskThread "GC Thread#0" [stack: 0x0000001fb5f00000,0x0000001fb6000000] [id=26548]
  0x0000015cc54823a0 GCTaskThread "GC Thread#1" [stack: 0x0000001fb8200000,0x0000001fb8300000] [id=18992]
  0x0000015cc5482fb0 GCTaskThread "GC Thread#2" [stack: 0x0000001fb8300000,0x0000001fb8400000] [id=13588]
  0x0000015cc5483270 GCTaskThread "GC Thread#3" [stack: 0x0000001fb8400000,0x0000001fb8500000] [id=25672]
  0x0000015cc5483530 GCTaskThread "GC Thread#4" [stack: 0x0000001fb8500000,0x0000001fb8600000] [id=19800]
  0x0000015cc54837f0 GCTaskThread "GC Thread#5" [stack: 0x0000001fb8600000,0x0000001fb8700000] [id=25304]
  0x0000015cfecec4d0 GCTaskThread "GC Thread#6" [stack: 0x0000001fb7200000,0x0000001fb7300000] [id=23184]
  0x0000015cce477e90 GCTaskThread "GC Thread#7" [stack: 0x0000001fb7300000,0x0000001fb7400000] [id=10976]
  0x0000015cce478150 GCTaskThread "GC Thread#8" [stack: 0x0000001fb7400000,0x0000001fb7500000] [id=25984]
  0x0000015cce478410 GCTaskThread "GC Thread#9" [stack: 0x0000001fb7500000,0x0000001fb7600000] [id=12416]
  0x0000015cdae05bf0 ConcurrentGCThread "G1 Main Marker" [stack: 0x0000001fb6000000,0x0000001fb6100000] [id=25660]
  0x0000015cdae06600 ConcurrentGCThread "G1 Conc#0" [stack: 0x0000001fb6100000,0x0000001fb6200000] [id=22212]
  0x0000015cfe2b9e50 ConcurrentGCThread "G1 Refine#0" [stack: 0x0000001fb6200000,0x0000001fb6300000] [id=10524]
  0x0000015cfe2ba790 ConcurrentGCThread "G1 Service" [stack: 0x0000001fb6300000,0x0000001fb6400000] [id=20428]

Threads with active compile tasks:

VM state: not at safepoint (normal execution)

VM Mutex/Monitor currently owned by a thread: None

Heap address: 0x0000000705c00000, size: 4004 MB, Compressed Oops mode: Zero based, Oop shift amount: 3

CDS archive(s) mapped at: [0x0000015c80000000-0x0000015c80bd0000-0x0000015c80bd0000), size 12386304, SharedBaseAddress: 0x0000015c80000000, ArchiveRelocationMode: 1.
Compressed class space mapped at: 0x0000015c81000000-0x0000015cc1000000, reserved size: 1073741824
Narrow klass base: 0x0000015c80000000, Narrow klass shift: 0, Narrow klass range: 0x100000000

GC Precious Log:
 CPUs: 16 total, 16 available
 Memory: 16012M
 Large Page Support: Disabled
 NUMA Support: Disabled
 Compressed Oops: Enabled (Zero based)
 Heap Region Size: 2M
 Heap Min Capacity: 8M
 Heap Initial Capacity: 252M
 Heap Max Capacity: 4004M
 Pre-touch: Disabled
 Parallel Workers: 13
 Concurrent Workers: 3
 Concurrent Refinement Workers: 13
 Periodic GC: Disabled

Heap:
 garbage-first heap   total 258048K, used 12139K [0x0000000705c00000, 0x0000000800000000)
  region size 2048K, 6 young (12288K), 3 survivors (6144K)
 Metaspace       used 14082K, committed 14336K, reserved 1114112K
  class space    used 2175K, committed 2304K, reserved 1048576K

Heap Regions: E=young(eden), S=young(survivor), O=old, HS=humongous(starts), HC=humongous(continues), CS=collection set, F=free, OA=open archive, CA=closed archive, TAMS=top-at-mark-start (previous, next)
|   0|0x0000000705c00000, 0x0000000705e00000, 0x0000000705e00000|100%|HS|  |TAMS 0x0000000705c00000, 0x0000000705c00000| Complete 
|   1|0x0000000705e00000, 0x0000000705e00000, 0x0000000706000000|  0%| F|  |TAMS 0x0000000705e00000, 0x0000000705e00000| Untracked 
|   2|0x0000000706000000, 0x0000000706000000, 0x0000000706200000|  0%| F|  |TAMS 0x0000000706000000, 0x0000000706000000| Untracked 
|   3|0x0000000706200000, 0x0000000706200000, 0x0000000706400000|  0%| F|  |TAMS 0x0000000706200000, 0x0000000706200000| Untracked 
|   4|0x0000000706400000, 0x0000000706400000, 0x0000000706600000|  0%| F|  |TAMS 0x0000000706400000, 0x0000000706400000| Untracked 
|   5|0x0000000706600000, 0x0000000706600000, 0x0000000706800000|  0%| F|  |TAMS 0x0000000706600000, 0x0000000706600000| Untracked 
|   6|0x0000000706800000, 0x0000000706800000, 0x0000000706a00000|  0%| F|  |TAMS 0x0000000706800000, 0x0000000706800000| Untracked 
|   7|0x0000000706a00000, 0x0000000706a00000, 0x0000000706c00000|  0%| F|  |TAMS 0x0000000706a00000, 0x0000000706a00000| Untracked 
|   8|0x0000000706c00000, 0x0000000706c00000, 0x0000000706e00000|  0%| F|  |TAMS 0x0000000706c00000, 0x0000000706c00000| Untracked 
|   9|0x0000000706e00000, 0x0000000706e00000, 0x0000000707000000|  0%| F|  |TAMS 0x0000000706e00000, 0x0000000706e00000| Untracked 
|  10|0x0000000707000000, 0x0000000707000000, 0x0000000707200000|  0%| F|  |TAMS 0x0000000707000000, 0x0000000707000000| Untracked 
|  11|0x0000000707200000, 0x0000000707200000, 0x0000000707400000|  0%| F|  |TAMS 0x0000000707200000, 0x0000000707200000| Untracked 
|  12|0x0000000707400000, 0x0000000707400000, 0x0000000707600000|  0%| F|  |TAMS 0x0000000707400000, 0x0000000707400000| Untracked 
|  13|0x0000000707600000, 0x0000000707600000, 0x0000000707800000|  0%| F|  |TAMS 0x0000000707600000, 0x0000000707600000| Untracked 
|  14|0x0000000707800000, 0x0000000707800000, 0x0000000707a00000|  0%| F|  |TAMS 0x0000000707800000, 0x0000000707800000| Untracked 
|  15|0x0000000707a00000, 0x0000000707a00000, 0x0000000707c00000|  0%| F|  |TAMS 0x0000000707a00000, 0x0000000707a00000| Untracked 
|  16|0x0000000707c00000, 0x0000000707c00000, 0x0000000707e00000|  0%| F|  |TAMS 0x0000000707c00000, 0x0000000707c00000| Untracked 
|  17|0x0000000707e00000, 0x0000000707e00000, 0x0000000708000000|  0%| F|  |TAMS 0x0000000707e00000, 0x0000000707e00000| Untracked 
|  18|0x0000000708000000, 0x0000000708000000, 0x0000000708200000|  0%| F|  |TAMS 0x0000000708000000, 0x0000000708000000| Untracked 
|  19|0x0000000708200000, 0x0000000708200000, 0x0000000708400000|  0%| F|  |TAMS 0x0000000708200000, 0x0000000708200000| Untracked 
|  20|0x0000000708400000, 0x0000000708400000, 0x0000000708600000|  0%| F|  |TAMS 0x0000000708400000, 0x0000000708400000| Untracked 
|  21|0x0000000708600000, 0x0000000708600000, 0x0000000708800000|  0%| F|  |TAMS 0x0000000708600000, 0x0000000708600000| Untracked 
|  22|0x0000000708800000, 0x0000000708800000, 0x0000000708a00000|  0%| F|  |TAMS 0x0000000708800000, 0x0000000708800000| Untracked 
|  23|0x0000000708a00000, 0x0000000708a00000, 0x0000000708c00000|  0%| F|  |TAMS 0x0000000708a00000, 0x0000000708a00000| Untracked 
|  24|0x0000000708c00000, 0x0000000708c00000, 0x0000000708e00000|  0%| F|  |TAMS 0x0000000708c00000, 0x0000000708c00000| Untracked 
|  25|0x0000000708e00000, 0x0000000708e00000, 0x0000000709000000|  0%| F|  |TAMS 0x0000000708e00000, 0x0000000708e00000| Untracked 
|  26|0x0000000709000000, 0x0000000709000000, 0x0000000709200000|  0%| F|  |TAMS 0x0000000709000000, 0x0000000709000000| Untracked 
|  27|0x0000000709200000, 0x0000000709200000, 0x0000000709400000|  0%| F|  |TAMS 0x0000000709200000, 0x0000000709200000| Untracked 
|  28|0x0000000709400000, 0x0000000709400000, 0x0000000709600000|  0%| F|  |TAMS 0x0000000709400000, 0x0000000709400000| Untracked 
|  29|0x0000000709600000, 0x0000000709600000, 0x0000000709800000|  0%| F|  |TAMS 0x0000000709600000, 0x0000000709600000| Untracked 
|  30|0x0000000709800000, 0x0000000709800000, 0x0000000709a00000|  0%| F|  |TAMS 0x0000000709800000, 0x0000000709800000| Untracked 
|  31|0x0000000709a00000, 0x0000000709a00000, 0x0000000709c00000|  0%| F|  |TAMS 0x0000000709a00000, 0x0000000709a00000| Untracked 
|  32|0x0000000709c00000, 0x0000000709c00000, 0x0000000709e00000|  0%| F|  |TAMS 0x0000000709c00000, 0x0000000709c00000| Untracked 
|  33|0x0000000709e00000, 0x0000000709e00000, 0x000000070a000000|  0%| F|  |TAMS 0x0000000709e00000, 0x0000000709e00000| Untracked 
|  34|0x000000070a000000, 0x000000070a000000, 0x000000070a200000|  0%| F|  |TAMS 0x000000070a000000, 0x000000070a000000| Untracked 
|  35|0x000000070a200000, 0x000000070a200000, 0x000000070a400000|  0%| F|  |TAMS 0x000000070a200000, 0x000000070a200000| Untracked 
|  36|0x000000070a400000, 0x000000070a400000, 0x000000070a600000|  0%| F|  |TAMS 0x000000070a400000, 0x000000070a400000| Untracked 
|  37|0x000000070a600000, 0x000000070a600000, 0x000000070a800000|  0%| F|  |TAMS 0x000000070a600000, 0x000000070a600000| Untracked 
|  38|0x000000070a800000, 0x000000070a800000, 0x000000070aa00000|  0%| F|  |TAMS 0x000000070a800000, 0x000000070a800000| Untracked 
|  39|0x000000070aa00000, 0x000000070aa00000, 0x000000070ac00000|  0%| F|  |TAMS 0x000000070aa00000, 0x000000070aa00000| Untracked 
|  40|0x000000070ac00000, 0x000000070ac00000, 0x000000070ae00000|  0%| F|  |TAMS 0x000000070ac00000, 0x000000070ac00000| Untracked 
|  41|0x000000070ae00000, 0x000000070ae00000, 0x000000070b000000|  0%| F|  |TAMS 0x000000070ae00000, 0x000000070ae00000| Untracked 
|  42|0x000000070b000000, 0x000000070b000000, 0x000000070b200000|  0%| F|  |TAMS 0x000000070b000000, 0x000000070b000000| Untracked 
|  43|0x000000070b200000, 0x000000070b200000, 0x000000070b400000|  0%| F|  |TAMS 0x000000070b200000, 0x000000070b200000| Untracked 
|  44|0x000000070b400000, 0x000000070b400000, 0x000000070b600000|  0%| F|  |TAMS 0x000000070b400000, 0x000000070b400000| Untracked 
|  45|0x000000070b600000, 0x000000070b600000, 0x000000070b800000|  0%| F|  |TAMS 0x000000070b600000, 0x000000070b600000| Untracked 
|  46|0x000000070b800000, 0x000000070b800000, 0x000000070ba00000|  0%| F|  |TAMS 0x000000070b800000, 0x000000070b800000| Untracked 
|  47|0x000000070ba00000, 0x000000070ba00000, 0x000000070bc00000|  0%| F|  |TAMS 0x000000070ba00000, 0x000000070ba00000| Untracked 
|  48|0x000000070bc00000, 0x000000070bc00000, 0x000000070be00000|  0%| F|  |TAMS 0x000000070bc00000, 0x000000070bc00000| Untracked 
|  49|0x000000070be00000, 0x000000070be00000, 0x000000070c000000|  0%| F|  |TAMS 0x000000070be00000, 0x000000070be00000| Untracked 
|  50|0x000000070c000000, 0x000000070c000000, 0x000000070c200000|  0%| F|  |TAMS 0x000000070c000000, 0x000000070c000000| Untracked 
|  51|0x000000070c200000, 0x000000070c200000, 0x000000070c400000|  0%| F|  |TAMS 0x000000070c200000, 0x000000070c200000| Untracked 
|  52|0x000000070c400000, 0x000000070c400000, 0x000000070c600000|  0%| F|  |TAMS 0x000000070c400000, 0x000000070c400000| Untracked 
|  53|0x000000070c600000, 0x000000070c600000, 0x000000070c800000|  0%| F|  |TAMS 0x000000070c600000, 0x000000070c600000| Untracked 
|  54|0x000000070c800000, 0x000000070c800000, 0x000000070ca00000|  0%| F|  |TAMS 0x000000070c800000, 0x000000070c800000| Untracked 
|  55|0x000000070ca00000, 0x000000070ca00000, 0x000000070cc00000|  0%| F|  |TAMS 0x000000070ca00000, 0x000000070ca00000| Untracked 
|  56|0x000000070cc00000, 0x000000070cc00000, 0x000000070ce00000|  0%| F|  |TAMS 0x000000070cc00000, 0x000000070cc00000| Untracked 
|  57|0x000000070ce00000, 0x000000070ce00000, 0x000000070d000000|  0%| F|  |TAMS 0x000000070ce00000, 0x000000070ce00000| Untracked 
|  58|0x000000070d000000, 0x000000070d000000, 0x000000070d200000|  0%| F|  |TAMS 0x000000070d000000, 0x000000070d000000| Untracked 
|  59|0x000000070d200000, 0x000000070d200000, 0x000000070d400000|  0%| F|  |TAMS 0x000000070d200000, 0x000000070d200000| Untracked 
|  60|0x000000070d400000, 0x000000070d400000, 0x000000070d600000|  0%| F|  |TAMS 0x000000070d400000, 0x000000070d400000| Untracked 
|  61|0x000000070d600000, 0x000000070d600000, 0x000000070d800000|  0%| F|  |TAMS 0x000000070d600000, 0x000000070d600000| Untracked 
|  62|0x000000070d800000, 0x000000070d800000, 0x000000070da00000|  0%| F|  |TAMS 0x000000070d800000, 0x000000070d800000| Untracked 
|  63|0x000000070da00000, 0x000000070da00000, 0x000000070dc00000|  0%| F|  |TAMS 0x000000070da00000, 0x000000070da00000| Untracked 
|  64|0x000000070dc00000, 0x000000070dc00000, 0x000000070de00000|  0%| F|  |TAMS 0x000000070dc00000, 0x000000070dc00000| Untracked 
|  65|0x000000070de00000, 0x000000070de00000, 0x000000070e000000|  0%| F|  |TAMS 0x000000070de00000, 0x000000070de00000| Untracked 
|  66|0x000000070e000000, 0x000000070e000000, 0x000000070e200000|  0%| F|  |TAMS 0x000000070e000000, 0x000000070e000000| Untracked 
|  67|0x000000070e200000, 0x000000070e200000, 0x000000070e400000|  0%| F|  |TAMS 0x000000070e200000, 0x000000070e200000| Untracked 
|  68|0x000000070e400000, 0x000000070e400000, 0x000000070e600000|  0%| F|  |TAMS 0x000000070e400000, 0x000000070e400000| Untracked 
|  69|0x000000070e600000, 0x000000070e600000, 0x000000070e800000|  0%| F|  |TAMS 0x000000070e600000, 0x000000070e600000| Untracked 
|  70|0x000000070e800000, 0x000000070e800000, 0x000000070ea00000|  0%| F|  |TAMS 0x000000070e800000, 0x000000070e800000| Untracked 
|  71|0x000000070ea00000, 0x000000070ea00000, 0x000000070ec00000|  0%| F|  |TAMS 0x000000070ea00000, 0x000000070ea00000| Untracked 
|  72|0x000000070ec00000, 0x000000070ec00000, 0x000000070ee00000|  0%| F|  |TAMS 0x000000070ec00000, 0x000000070ec00000| Untracked 
|  73|0x000000070ee00000, 0x000000070ee00000, 0x000000070f000000|  0%| F|  |TAMS 0x000000070ee00000, 0x000000070ee00000| Untracked 
|  74|0x000000070f000000, 0x000000070f000000, 0x000000070f200000|  0%| F|  |TAMS 0x000000070f000000, 0x000000070f000000| Untracked 
|  75|0x000000070f200000, 0x000000070f200000, 0x000000070f400000|  0%| F|  |TAMS 0x000000070f200000, 0x000000070f200000| Untracked 
|  76|0x000000070f400000, 0x000000070f400000, 0x000000070f600000|  0%| F|  |TAMS 0x000000070f400000, 0x000000070f400000| Untracked 
|  77|0x000000070f600000, 0x000000070f600000, 0x000000070f800000|  0%| F|  |TAMS 0x000000070f600000, 0x000000070f600000| Untracked 
|  78|0x000000070f800000, 0x000000070f800000, 0x000000070fa00000|  0%| F|  |TAMS 0x000000070f800000, 0x000000070f800000| Untracked 
|  79|0x000000070fa00000, 0x000000070fa00000, 0x000000070fc00000|  0%| F|  |TAMS 0x000000070fa00000, 0x000000070fa00000| Untracked 
|  80|0x000000070fc00000, 0x000000070fc00000, 0x000000070fe00000|  0%| F|  |TAMS 0x000000070fc00000, 0x000000070fc00000| Untracked 
|  81|0x000000070fe00000, 0x000000070fe00000, 0x0000000710000000|  0%| F|  |TAMS 0x000000070fe00000, 0x000000070fe00000| Untracked 
|  82|0x0000000710000000, 0x0000000710000000, 0x0000000710200000|  0%| F|  |TAMS 0x0000000710000000, 0x0000000710000000| Untracked 
|  83|0x0000000710200000, 0x0000000710200000, 0x0000000710400000|  0%| F|  |TAMS 0x0000000710200000, 0x0000000710200000| Untracked 
|  84|0x0000000710400000, 0x0000000710400000, 0x0000000710600000|  0%| F|  |TAMS 0x0000000710400000, 0x0000000710400000| Untracked 
|  85|0x0000000710600000, 0x0000000710600000, 0x0000000710800000|  0%| F|  |TAMS 0x0000000710600000, 0x0000000710600000| Untracked 
|  86|0x0000000710800000, 0x0000000710800000, 0x0000000710a00000|  0%| F|  |TAMS 0x0000000710800000, 0x0000000710800000| Untracked 
|  87|0x0000000710a00000, 0x0000000710a00000, 0x0000000710c00000|  0%| F|  |TAMS 0x0000000710a00000, 0x0000000710a00000| Untracked 
|  88|0x0000000710c00000, 0x0000000710c00000, 0x0000000710e00000|  0%| F|  |TAMS 0x0000000710c00000, 0x0000000710c00000| Untracked 
|  89|0x0000000710e00000, 0x0000000710e00000, 0x0000000711000000|  0%| F|  |TAMS 0x0000000710e00000, 0x0000000710e00000| Untracked 
|  90|0x0000000711000000, 0x0000000711000000, 0x0000000711200000|  0%| F|  |TAMS 0x0000000711000000, 0x0000000711000000| Untracked 
|  91|0x0000000711200000, 0x0000000711200000, 0x0000000711400000|  0%| F|  |TAMS 0x0000000711200000, 0x0000000711200000| Untracked 
|  92|0x0000000711400000, 0x0000000711400000, 0x0000000711600000|  0%| F|  |TAMS 0x0000000711400000, 0x0000000711400000| Untracked 
|  93|0x0000000711600000, 0x0000000711600000, 0x0000000711800000|  0%| F|  |TAMS 0x0000000711600000, 0x0000000711600000| Untracked 
|  94|0x0000000711800000, 0x0000000711800000, 0x0000000711a00000|  0%| F|  |TAMS 0x0000000711800000, 0x0000000711800000| Untracked 
|  95|0x0000000711a00000, 0x0000000711a00000, 0x0000000711c00000|  0%| F|  |TAMS 0x0000000711a00000, 0x0000000711a00000| Untracked 
|  96|0x0000000711c00000, 0x0000000711c00000, 0x0000000711e00000|  0%| F|  |TAMS 0x0000000711c00000, 0x0000000711c00000| Untracked 
|  97|0x0000000711e00000, 0x0000000711e00000, 0x0000000712000000|  0%| F|  |TAMS 0x0000000711e00000, 0x0000000711e00000| Untracked 
|  98|0x0000000712000000, 0x0000000712000000, 0x0000000712200000|  0%| F|  |TAMS 0x0000000712000000, 0x0000000712000000| Untracked 
|  99|0x0000000712200000, 0x0000000712200000, 0x0000000712400000|  0%| F|  |TAMS 0x0000000712200000, 0x0000000712200000| Untracked 
| 100|0x0000000712400000, 0x0000000712400000, 0x0000000712600000|  0%| F|  |TAMS 0x0000000712400000, 0x0000000712400000| Untracked 
| 101|0x0000000712600000, 0x0000000712600000, 0x0000000712800000|  0%| F|  |TAMS 0x0000000712600000, 0x0000000712600000| Untracked 
| 102|0x0000000712800000, 0x0000000712800000, 0x0000000712a00000|  0%| F|  |TAMS 0x0000000712800000, 0x0000000712800000| Untracked 
| 103|0x0000000712a00000, 0x0000000712bdaef0, 0x0000000712c00000| 92%| S|CS|TAMS 0x0000000712a00000, 0x0000000712a00000| Complete 
| 104|0x0000000712c00000, 0x0000000712e00000, 0x0000000712e00000|100%| S|CS|TAMS 0x0000000712c00000, 0x0000000712c00000| Complete 
| 105|0x0000000712e00000, 0x0000000713000000, 0x0000000713000000|100%| S|CS|TAMS 0x0000000712e00000, 0x0000000712e00000| Complete 
| 106|0x0000000713000000, 0x0000000713000000, 0x0000000713200000|  0%| F|  |TAMS 0x0000000713000000, 0x0000000713000000| Untracked 
| 107|0x0000000713200000, 0x0000000713200000, 0x0000000713400000|  0%| F|  |TAMS 0x0000000713200000, 0x0000000713200000| Untracked 
| 108|0x0000000713400000, 0x0000000713400000, 0x0000000713600000|  0%| F|  |TAMS 0x0000000713400000, 0x0000000713400000| Untracked 
| 109|0x0000000713600000, 0x0000000713600000, 0x0000000713800000|  0%| F|  |TAMS 0x0000000713600000, 0x0000000713600000| Untracked 
| 110|0x0000000713800000, 0x0000000713800000, 0x0000000713a00000|  0%| F|  |TAMS 0x0000000713800000, 0x0000000713800000| Untracked 
| 111|0x0000000713a00000, 0x0000000713a00000, 0x0000000713c00000|  0%| F|  |TAMS 0x0000000713a00000, 0x0000000713a00000| Untracked 
| 112|0x0000000713c00000, 0x0000000713c00000, 0x0000000713e00000|  0%| F|  |TAMS 0x0000000713c00000, 0x0000000713c00000| Untracked 
| 113|0x0000000713e00000, 0x0000000713e00000, 0x0000000714000000|  0%| F|  |TAMS 0x0000000713e00000, 0x0000000713e00000| Untracked 
| 114|0x0000000714000000, 0x0000000714000000, 0x0000000714200000|  0%| F|  |TAMS 0x0000000714000000, 0x0000000714000000| Untracked 
| 115|0x0000000714200000, 0x0000000714200000, 0x0000000714400000|  0%| F|  |TAMS 0x0000000714200000, 0x0000000714200000| Untracked 
| 116|0x0000000714400000, 0x0000000714400000, 0x0000000714600000|  0%| F|  |TAMS 0x0000000714400000, 0x0000000714400000| Untracked 
| 117|0x0000000714600000, 0x0000000714600000, 0x0000000714800000|  0%| F|  |TAMS 0x0000000714600000, 0x0000000714600000| Untracked 
| 118|0x0000000714800000, 0x0000000714800000, 0x0000000714a00000|  0%| F|  |TAMS 0x0000000714800000, 0x0000000714800000| Untracked 
| 119|0x0000000714a00000, 0x0000000714a00000, 0x0000000714c00000|  0%| F|  |TAMS 0x0000000714a00000, 0x0000000714a00000| Untracked 
| 120|0x0000000714c00000, 0x0000000714c00000, 0x0000000714e00000|  0%| F|  |TAMS 0x0000000714c00000, 0x0000000714c00000| Untracked 
| 121|0x0000000714e00000, 0x0000000714e00000, 0x0000000715000000|  0%| F|  |TAMS 0x0000000714e00000, 0x0000000714e00000| Untracked 
| 122|0x0000000715000000, 0x0000000715000000, 0x0000000715200000|  0%| F|  |TAMS 0x0000000715000000, 0x0000000715000000| Untracked 
| 123|0x0000000715200000, 0x00000007153e01d8, 0x0000000715400000| 93%| E|  |TAMS 0x0000000715200000, 0x0000000715200000| Complete 
| 124|0x0000000715400000, 0x0000000715600000, 0x0000000715600000|100%| E|CS|TAMS 0x0000000715400000, 0x0000000715400000| Complete 
| 125|0x0000000715600000, 0x0000000715800000, 0x0000000715800000|100%| E|CS|TAMS 0x0000000715600000, 0x0000000715600000| Complete 

Card table byte_map: [0x0000015cf26a0000,0x0000015cf2e80000] _byte_map_base: 0x0000015ceee72000

Marking Bits (Prev, Next): (CMBitMap*) 0x0000015cdadf5880, (CMBitMap*) 0x0000015cdadf58c0
 Prev Bits: [0x0000015cf3660000, 0x0000015cf74f0000)
 Next Bits: [0x0000015cf74f0000, 0x0000015cfb380000)

Polling page: 0x0000015cd8d20000

Metaspace:

Usage:
  Non-class:     11.63 MB used.
      Class:      2.12 MB used.
       Both:     13.75 MB used.

Virtual space:
  Non-class space:       64.00 MB reserved,      11.75 MB ( 18%) committed,  1 nodes.
      Class space:        1.00 GB reserved,       2.25 MB ( <1%) committed,  1 nodes.
             Both:        1.06 GB reserved,      14.00 MB (  1%) committed. 

Chunk freelists:
   Non-Class:  3.39 MB
       Class:  13.73 MB
        Both:  17.12 MB

MaxMetaspaceSize: unlimited
CompressedClassSpaceSize: 1.00 GB
Initial GC threshold: 21.00 MB
Current GC threshold: 21.00 MB
CDS: on
MetaspaceReclaimPolicy: balanced
 - commit_granule_bytes: 65536.
 - commit_granule_words: 8192.
 - virtual_space_node_default_size: 8388608.
 - enlarge_chunks_in_place: 1.
 - new_chunks_are_fully_committed: 0.
 - uncommit_free_chunks: 1.
 - use_allocation_guard: 0.
 - handle_deallocations: 1.


Internal statistics:

num_allocs_failed_limit: 0.
num_arena_births: 174.
num_arena_deaths: 0.
num_vsnodes_births: 2.
num_vsnodes_deaths: 0.
num_space_committed: 224.
num_space_uncommitted: 0.
num_chunks_returned_to_freelist: 0.
num_chunks_taken_from_freelist: 634.
num_chunk_merges: 0.
num_chunk_splits: 455.
num_chunks_enlarged: 370.
num_inconsistent_stats: 0.

CodeHeap 'non-profiled nmethods': size=119168Kb used=960Kb max_used=960Kb free=118207Kb
 bounds [0x0000015cea1d0000, 0x0000015cea440000, 0x0000015cf1630000]
CodeHeap 'profiled nmethods': size=119104Kb used=4474Kb max_used=4474Kb free=114629Kb
 bounds [0x0000015ce2630000, 0x0000015ce2a90000, 0x0000015ce9a80000]
CodeHeap 'non-nmethods': size=7488Kb used=3102Kb max_used=3135Kb free=4385Kb
 bounds [0x0000015ce9a80000, 0x0000015ce9da0000, 0x0000015cea1d0000]
 total_blobs=3116 nmethods=2345 adapters=680
 compilation: enabled
              stopped_count=0, restarted_count=0
 full_count=0

Compilation events (20 events):
Event: 3.494 Thread 0x0000015cfe6bd300 2337       1       com.sun.prism.d3d.D3DTextureData::getSamples (5 bytes)
Event: 3.494 Thread 0x0000015cfe6bd300 nmethod 2337 0x0000015cea2b8e10 code [0x0000015cea2b8fa0, 0x0000015cea2b9078]
Event: 3.494 Thread 0x0000015cfe6bd300 2338       1       com.sun.prism.impl.BaseGraphics::isAntialiasedShape (5 bytes)
Event: 3.494 Thread 0x0000015cfe6bd300 nmethod 2338 0x0000015cea2b9110 code [0x0000015cea2b92a0, 0x0000015cea2b9378]
Event: 3.494 Thread 0x0000015cfe6bd300 2339       3       com.sun.marlin.TransformingPathConsumer2D$PathClipFilter::lineTo (208 bytes)
Event: 3.496 Thread 0x0000015cfe6bd300 nmethod 2339 0x0000015ce2a8c410 code [0x0000015ce2a8c620, 0x0000015ce2a8cc18]
Event: 3.496 Thread 0x0000015cfe5f1110 nmethod 2334 0x0000015ce2a8ac10 code [0x0000015ce2a8af20, 0x0000015ce2a8bf88]
Event: 3.496 Thread 0x0000015cfe5f1110 2340       3       com.sun.javafx.geom.transform.GeneralTransform3D::updateState (196 bytes)
Event: 3.496 Thread 0x0000015cfe5f1110 nmethod 2340 0x0000015ce2a8ce10 code [0x0000015ce2a8d020, 0x0000015ce2a8d9b8]
Event: 3.550 Thread 0x0000015cfe533dd0 nmethod 2329 0x0000015cea2b9410 code [0x0000015cea2b9620, 0x0000015cea2bc708]
Event: 3.550 Thread 0x0000015cfe533dd0 2341       4       com.sun.javafx.event.EventHandlerManager::dispatchCapturingEvent (41 bytes)
Event: 3.555 Thread 0x0000015cfe533dd0 nmethod 2341 0x0000015cea2bf310 code [0x0000015cea2bf4e0, 0x0000015cea2bf8f0]
Event: 3.555 Thread 0x0000015cfe533dd0 2342       4       jdk.internal.org.objectweb.asm.ByteVector::put12 (64 bytes)
Event: 3.555 Thread 0x0000015cfe6bd300 2343       3       java.nio.Buffer::hasRemaining (17 bytes)
Event: 3.555 Thread 0x0000015cfe6bd300 nmethod 2343 0x0000015ce2a8dc10 code [0x0000015ce2a8dda0, 0x0000015ce2a8df18]
Event: 3.555 Thread 0x0000015cfe6bd300 2344       3       java.lang.String::getChars (54 bytes)
Event: 3.555 Thread 0x0000015cfe534880 2345       3       java.lang.StringLatin1::getChars (12 bytes)
Event: 3.556 Thread 0x0000015cfe534880 nmethod 2345 0x0000015ce2a8df90 code [0x0000015ce2a8e120, 0x0000015ce2a8e248]
Event: 3.556 Thread 0x0000015cfe6bd300 nmethod 2344 0x0000015ce2a8e310 code [0x0000015ce2a8e500, 0x0000015ce2a8e978]
Event: 3.556 Thread 0x0000015cfe533dd0 nmethod 2342 0x0000015cea2bfd10 code [0x0000015cea2bfea0, 0x0000015cea2c0068]

GC Heap History (4 events):
Event: 0.513 GC heap before
{Heap before GC invocations=0 (full 0):
 garbage-first heap   total 258048K, used 22528K [0x0000000705c00000, 0x0000000800000000)
  region size 2048K, 11 young (22528K), 0 survivors (0K)
 Metaspace       used 4896K, committed 5120K, reserved 1114112K
  class space    used 593K, committed 704K, reserved 1048576K
}
Event: 0.517 GC heap after
{Heap after GC invocations=1 (full 0):
 garbage-first heap   total 258048K, used 2849K [0x0000000705c00000, 0x0000000800000000)
  region size 2048K, 2 young (4096K), 2 survivors (4096K)
 Metaspace       used 4896K, committed 5120K, reserved 1114112K
  class space    used 593K, committed 704K, reserved 1048576K
}
Event: 2.483 GC heap before
{Heap before GC invocations=1 (full 0):
 garbage-first heap   total 258048K, used 41761K [0x0000000705c00000, 0x0000000800000000)
  region size 2048K, 20 young (40960K), 2 survivors (4096K)
 Metaspace       used 13963K, committed 14144K, reserved 1114112K
  class space    used 2162K, committed 2240K, reserved 1048576K
}
Event: 2.487 GC heap after
{Heap after GC invocations=2 (full 0):
 garbage-first heap   total 258048K, used 8043K [0x0000000705c00000, 0x0000000800000000)
  region size 2048K, 3 young (6144K), 3 survivors (6144K)
 Metaspace       used 13963K, committed 14144K, reserved 1114112K
  class space    used 2162K, committed 2240K, reserved 1048576K
}

Deoptimization events (20 events):
Event: 1.877 Thread 0x0000015cc527f770 DEOPT PACKING pc=0x0000015ce29ca5a2 sp=0x0000001fb7ffdd90
Event: 1.877 Thread 0x0000015cc527f770 DEOPT UNPACKING pc=0x0000015ce9ad2b43 sp=0x0000001fb7ffd2a0 mode 3
Event: 1.878 Thread 0x0000015cc527f770 DEOPT PACKING pc=0x0000015ce29df404 sp=0x0000001fb7ffe190
Event: 1.878 Thread 0x0000015cc527f770 DEOPT UNPACKING pc=0x0000015ce9ad2b43 sp=0x0000001fb7ffd748 mode 0
Event: 2.253 Thread 0x0000015cfeec8020 DEOPT PACKING pc=0x0000015ce2962ff3 sp=0x0000001fb78fd670
Event: 2.253 Thread 0x0000015cfeec8020 DEOPT UNPACKING pc=0x0000015ce9ad2b43 sp=0x0000001fb78fca38 mode 0
Event: 2.498 Thread 0x0000015cc527f770 Uncommon trap: trap_request=0xffffff45 fr.pc=0x0000015cea28afdc relative=0x000000000000005c
Event: 2.498 Thread 0x0000015cc527f770 Uncommon trap: reason=unstable_if action=reinterpret pc=0x0000015cea28afdc method=javafx.scene.Node.updateLocalToParentTransform()V @ 4 c2
Event: 2.498 Thread 0x0000015cc527f770 DEOPT PACKING pc=0x0000015cea28afdc sp=0x0000001fb7ffc9a0
Event: 2.498 Thread 0x0000015cc527f770 DEOPT UNPACKING pc=0x0000015ce9ad23a3 sp=0x0000001fb7ffc8f8 mode 2
Event: 2.516 Thread 0x0000015cfeec8020 DEOPT PACKING pc=0x0000015ce29f3603 sp=0x0000001fb78fdcb0
Event: 2.516 Thread 0x0000015cfeec8020 DEOPT UNPACKING pc=0x0000015ce9ad2b43 sp=0x0000001fb78fd0d0 mode 0
Event: 2.522 Thread 0x0000015cfeec8020 DEOPT PACKING pc=0x0000015ce2960ec2 sp=0x0000001fb78fd990
Event: 2.522 Thread 0x0000015cfeec8020 DEOPT UNPACKING pc=0x0000015ce9ad2b43 sp=0x0000001fb78fce20 mode 0
Event: 3.001 Thread 0x0000015cfeec8020 DEOPT PACKING pc=0x0000015ce2962ff3 sp=0x0000001fb78fda20
Event: 3.001 Thread 0x0000015cfeec8020 DEOPT UNPACKING pc=0x0000015ce9ad2b43 sp=0x0000001fb78fcde8 mode 0
Event: 3.439 Thread 0x0000015cfeec8020 DEOPT PACKING pc=0x0000015ce2a3d8ca sp=0x0000001fb78fdb50
Event: 3.439 Thread 0x0000015cfeec8020 DEOPT UNPACKING pc=0x0000015ce9ad2b43 sp=0x0000001fb78fcf88 mode 0
Event: 3.495 Thread 0x0000015cfeec8020 DEOPT PACKING pc=0x0000015ce2a3d8ca sp=0x0000001fb78fdb50
Event: 3.495 Thread 0x0000015cfeec8020 DEOPT UNPACKING pc=0x0000015ce9ad2b43 sp=0x0000001fb78fcf88 mode 0

Classes unloaded (0 events):
No events

Classes redefined (0 events):
No events

Internal exceptions (20 events):
Event: 0.545 Thread 0x0000015cc527f770 Exception <a 'java/lang/ClassNotFoundException'{0x000000071520a5b0}: com/sun/glass/ui/win/themes_fi_FI> (0x000000071520a5b0) 
thrown [s\open\src\hotspot\share\prims\jni.cpp, line 535]
Event: 0.637 Thread 0x0000015cc527f770 Exception <a 'java/lang/NoSuchMethodError'{0x0000000714cdc008}: 'void java.lang.invoke.DirectMethodHandle$Holder.invokeStaticInit(java.lang.Object, java.lang.Object)'> (0x0000000714cdc008) 
thrown [s\open\src\hotspot\share\interpreter\linkResolver.cpp, line 759]
Event: 0.653 Thread 0x0000015cc527f770 Exception <a 'java/lang/NoSuchMethodError'{0x0000000714d535d8}: 'void java.lang.invoke.DirectMethodHandle$Holder.invokeSpecial(java.lang.Object, java.lang.Object, java.lang.Object, java.lang.Object, java.lang.Object)'> (0x0000000714d535d8) 
thrown [s\open\src\hotspot\share\interpreter\linkResolver.cpp, line 759]
Event: 0.677 Thread 0x0000015cc527f770 Exception <a 'sun/nio/fs/WindowsException'{0x0000000714be4a58}> (0x0000000714be4a58) 
thrown [s\open\src\hotspot\share\prims\jni.cpp, line 516]
Event: 0.702 Thread 0x0000015cc527f770 Implicit null exception at 0x0000015cea22530b to 0x0000015cea225904
Event: 0.821 Thread 0x0000015cc527f770 Exception <a 'java/lang/NoSuchMethodError'{0x000000071430d4d8}: 'java.lang.Object java.lang.invoke.DirectMethodHandle$Holder.invokeInterface(java.lang.Object, java.lang.Object, java.lang.Object)'> (0x000000071430d4d8) 
thrown [s\open\src\hotspot\share\interpreter\linkResolver.cpp, line 759]
Event: 0.821 Thread 0x0000015cc527f770 Exception <a 'java/lang/IncompatibleClassChangeError'{0x0000000714310ba0}: Found class java.lang.Object, but interface was expected> (0x0000000714310ba0) 
thrown [s\open\src\hotspot\share\interpreter\linkResolver.cpp, line 826]
Event: 0.847 Thread 0x0000015cc527f770 Exception <a 'java/lang/ClassNotFoundException'{0x0000000713cf28e0}: com/sun/javafx/scene/control/skin/resources/controls> (0x0000000713cf28e0) 
thrown [s\open\src\hotspot\share\prims\jni.cpp, line 535]
Event: 0.848 Thread 0x0000015cc527f770 Exception <a 'java/lang/ClassNotFoundException'{0x0000000713d00880}: com/sun/javafx/scene/control/skin/resources/controls_fi> (0x0000000713d00880) 
thrown [s\open\src\hotspot\share\prims\jni.cpp, line 535]
Event: 0.848 Thread 0x0000015cc527f770 Exception <a 'java/lang/ClassNotFoundException'{0x0000000713d01818}: com/sun/javafx/scene/control/skin/resources/controls_fi_FI> (0x0000000713d01818) 
thrown [s\open\src\hotspot\share\prims\jni.cpp, line 535]
Event: 0.876 Thread 0x0000015cc527f770 Exception <a 'java/lang/NoSuchMethodError'{0x0000000713abeb18}: 'void java.lang.invoke.DirectMethodHandle$Holder.invokeSpecial(java.lang.Object, java.lang.Object, java.lang.Object, java.lang.Object, java.lang.Object, java.lang.Object)'> (0x0000000713abeb18) 
thrown [s\open\src\hotspot\share\interpreter\linkResolver.cpp, line 759]
Event: 0.933 Thread 0x0000015cc527f770 Exception <a 'java/lang/NoSuchMethodError'{0x0000000713670808}: 'java.lang.Object java.lang.invoke.DirectMethodHandle$Holder.newInvokeSpecial(java.lang.Object, java.lang.Object, int)'> (0x0000000713670808) 
thrown [s\open\src\hotspot\share\interpreter\linkResolver.cpp, line 759]
Event: 0.955 Thread 0x0000015cfeec8020 Exception <a 'java/lang/NoSuchMethodError'{0x000000071379fb78}: 'int java.lang.invoke.DirectMethodHandle$Holder.invokeStaticInit(java.lang.Object, java.lang.Object)'> (0x000000071379fb78) 
thrown [s\open\src\hotspot\share\interpreter\linkResolver.cpp, line 759]
Event: 0.967 Thread 0x0000015cc527f770 Exception <a 'java/lang/NoSuchMethodError'{0x0000000713470ad0}: 'long java.lang.invoke.DirectMethodHandle$Holder.invokeStatic(java.lang.Object, java.lang.Object, java.lang.Object)'> (0x0000000713470ad0) 
thrown [s\open\src\hotspot\share\interpreter\linkResolver.cpp, line 759]
Event: 0.967 Thread 0x0000015cc527f770 Exception <a 'java/lang/NoSuchMethodError'{0x0000000713474278}: 'long java.lang.invoke.DirectMethodHandle$Holder.invokeStaticInit(java.lang.Object, java.lang.Object, java.lang.Object)'> (0x0000000713474278) 
thrown [s\open\src\hotspot\share\interpreter\linkResolver.cpp, line 759]
Event: 0.968 Thread 0x0000015cc527f770 Exception <a 'java/lang/NoSuchMethodError'{0x000000071348be80}: 'java.lang.Object java.lang.invoke.DirectMethodHandle$Holder.newInvokeSpecial(java.lang.Object, java.lang.Object, long)'> (0x000000071348be80) 
thrown [s\open\src\hotspot\share\interpreter\linkResolver.cpp, line 759]
Event: 0.969 Thread 0x0000015cc527f770 Exception <a 'java/lang/NoSuchMethodError'{0x000000071348f9f0}: 'java.lang.Object java.lang.invoke.Invokers$Holder.linkToTargetMethod(java.lang.Object, long, java.lang.Object)'> (0x000000071348f9f0) 
thrown [s\open\src\hotspot\share\interpreter\linkResolver.cpp, line 759]
Event: 2.416 Thread 0x0000015cc527f770 Exception <a 'java/lang/NoSuchMethodError'{0x00000007130b7130}: 'java.lang.Object java.lang.invoke.DirectMethodHandle$Holder.newInvokeSpecial(java.lang.Object, java.lang.Object, int, int, int, int, int, java.lang.Object)'> (0x00000007130b7130) 
thrown [s\open\src\hotspot\share\interpreter\linkResolver.cpp, line 759]
Event: 2.417 Thread 0x0000015cc527f770 Exception <a 'java/lang/NoSuchMethodError'{0x00000007130ca110}: 'java.lang.Object java.lang.invoke.DirectMethodHandle$Holder.newInvokeSpecial(java.lang.Object, java.lang.Object, java.lang.Object, int, int, int, int, int)'> (0x00000007130ca110) 
thrown [s\open\src\hotspot\share\interpreter\linkResolver.cpp, line 759]
Event: 2.418 Thread 0x0000015cc527f770 Exception <a 'java/lang/NoSuchMethodError'{0x00000007130d1bb8}: 'java.lang.Object java.lang.invoke.Invokers$Holder.linkToTargetMethod(java.lang.Object, java.lang.Object, int, int, int, int, int, java.lang.Object)'> (0x00000007130d1bb8) 
thrown [s\open\src\hotspot\share\interpreter\linkResolver.cpp, line 759]

VM Operations (18 events):
Event: 0.101 Executing VM operation: HandshakeAllThreads
Event: 0.101 Executing VM operation: HandshakeAllThreads done
Event: 0.396 Executing VM operation: HandshakeAllThreads
Event: 0.396 Executing VM operation: HandshakeAllThreads done
Event: 0.513 Executing VM operation: G1CollectForAllocation
Event: 0.517 Executing VM operation: G1CollectForAllocation done
Event: 0.569 Executing VM operation: HandshakeAllThreads
Event: 0.569 Executing VM operation: HandshakeAllThreads done
Event: 0.901 Executing VM operation: ICBufferFull
Event: 0.901 Executing VM operation: ICBufferFull done
Event: 1.877 Executing VM operation: HandshakeAllThreads
Event: 1.877 Executing VM operation: HandshakeAllThreads done
Event: 2.406 Executing VM operation: ICBufferFull
Event: 2.407 Executing VM operation: ICBufferFull done
Event: 2.483 Executing VM operation: G1CollectForAllocation
Event: 2.488 Executing VM operation: G1CollectForAllocation done
Event: 3.488 Executing VM operation: Cleanup
Event: 3.489 Executing VM operation: Cleanup done

Events (20 events):
Event: 0.984 loading class sun/misc/Unsafe
Event: 0.984 loading class sun/misc/Unsafe done
Event: 0.984 loading class jdk/internal/reflect/UnsafeFieldAccessorFactory
Event: 0.984 loading class jdk/internal/reflect/UnsafeFieldAccessorFactory done
Event: 0.984 loading class jdk/internal/reflect/UnsafeQualifiedStaticObjectFieldAccessorImpl
Event: 0.984 loading class jdk/internal/reflect/UnsafeQualifiedStaticFieldAccessorImpl
Event: 0.984 loading class jdk/internal/reflect/UnsafeQualifiedStaticFieldAccessorImpl done
Event: 0.984 loading class jdk/internal/reflect/UnsafeQualifiedStaticObjectFieldAccessorImpl done
Event: 1.239 Thread 0x0000015cfe7a9f30 Thread exited: 0x0000015cfe7a9f30
Event: 1.239 Thread 0x0000015cfe7a3d30 Thread exited: 0x0000015cfe7a3d30
Event: 1.259 Thread 0x0000015cfe6e1550 Thread exited: 0x0000015cfe6e1550
Event: 1.259 Thread 0x0000015cfe6e0f80 Thread exited: 0x0000015cfe6e0f80
Event: 2.401 loading class java/io/UnsupportedEncodingException
Event: 2.401 loading class java/io/UnsupportedEncodingException done
Event: 3.497 loading class java/util/LinkedList$ListItr
Event: 3.497 loading class java/util/LinkedList$ListItr done
Event: 3.555 loading class java/lang/Throwable$WrappedPrintStream
Event: 3.555 loading class java/lang/Throwable$PrintStreamOrWriter
Event: 3.555 loading class java/lang/Throwable$PrintStreamOrWriter done
Event: 3.555 loading class java/lang/Throwable$WrappedPrintStream done


Dynamic libraries:
0x00007ff79eae0000 - 0x00007ff79eaf0000 	C:\Program Files\Java\jdk-17\bin\java.exe
0x00007ffd1d330000 - 0x00007ffd1d546000 	C:\WINDOWS\SYSTEM32\ntdll.dll
0x00007ffd1b740000 - 0x00007ffd1b804000 	C:\WINDOWS\System32\KERNEL32.DLL
0x00007ffd1a9d0000 - 0x00007ffd1ad76000 	C:\WINDOWS\System32\KERNELBASE.dll
0x00007ffd1a8b0000 - 0x00007ffd1a9c1000 	C:\WINDOWS\System32\ucrtbase.dll
0x00007ffcf2390000 - 0x00007ffcf23ab000 	C:\Program Files\Java\jdk-17\bin\VCRUNTIME140.dll
0x00007ffcee180000 - 0x00007ffcee199000 	C:\Program Files\Java\jdk-17\bin\jli.dll
0x00007ffd1b620000 - 0x00007ffd1b6d2000 	C:\WINDOWS\System32\ADVAPI32.dll
0x00007ffd1b350000 - 0x00007ffd1b3f7000 	C:\WINDOWS\System32\msvcrt.dll
0x00007ffd1d0d0000 - 0x00007ffd1d178000 	C:\WINDOWS\System32\sechost.dll
0x00007ffd1a670000 - 0x00007ffd1a698000 	C:\WINDOWS\System32\bcrypt.dll
0x00007ffd1b230000 - 0x00007ffd1b345000 	C:\WINDOWS\System32\RPCRT4.dll
0x00007ffd1cf20000 - 0x00007ffd1d0cd000 	C:\WINDOWS\System32\USER32.dll
0x00007ffd1a760000 - 0x00007ffd1a786000 	C:\WINDOWS\System32\win32u.dll
0x00007ffd1d2c0000 - 0x00007ffd1d2e9000 	C:\WINDOWS\System32\GDI32.dll
0x00007ffcff730000 - 0x00007ffcff9c3000 	C:\WINDOWS\WinSxS\amd64_microsoft.windows.common-controls_6595b64144ccf1df_6.0.22621.3235_none_270f74e173860f98\COMCTL32.dll
0x00007ffd1a790000 - 0x00007ffd1a8a8000 	C:\WINDOWS\System32\gdi32full.dll
0x00007ffd1af60000 - 0x00007ffd1affa000 	C:\WINDOWS\System32\msvcp_win.dll
0x00007ffcfe060000 - 0x00007ffcfe06a000 	C:\WINDOWS\SYSTEM32\VERSION.dll
0x00007ffd1b460000 - 0x00007ffd1b491000 	C:\WINDOWS\System32\IMM32.DLL
0x00007ffd0f9c0000 - 0x00007ffd0f9cc000 	C:\Program Files\Java\jdk-17\bin\vcruntime140_1.dll
0x00007ffce9c00000 - 0x00007ffce9c8e000 	C:\Program Files\Java\jdk-17\bin\msvcp140.dll
0x00007ffc75bf0000 - 0x00007ffc767cf000 	C:\Program Files\Java\jdk-17\bin\server\jvm.dll
0x00007ffd1b4b0000 - 0x00007ffd1b4b8000 	C:\WINDOWS\System32\PSAPI.DLL
0x00007ffcfe530000 - 0x00007ffcfe539000 	C:\WINDOWS\SYSTEM32\WSOCK32.dll
0x00007ffd0f480000 - 0x00007ffd0f4b4000 	C:\WINDOWS\SYSTEM32\WINMM.dll
0x00007ffd1cce0000 - 0x00007ffd1cd51000 	C:\WINDOWS\System32\WS2_32.dll
0x00007ffd197a0000 - 0x00007ffd197b8000 	C:\WINDOWS\SYSTEM32\kernel.appcore.dll
0x00007ffd012b0000 - 0x00007ffd012ba000 	C:\Program Files\Java\jdk-17\bin\jimage.dll
0x00007ffd17ff0000 - 0x00007ffd18223000 	C:\WINDOWS\SYSTEM32\DBGHELP.DLL
0x00007ffd1c8a0000 - 0x00007ffd1cc28000 	C:\WINDOWS\System32\combase.dll
0x00007ffd1c740000 - 0x00007ffd1c817000 	C:\WINDOWS\System32\OLEAUT32.dll
0x00007ffcef0f0000 - 0x00007ffcef122000 	C:\WINDOWS\SYSTEM32\dbgcore.DLL
0x00007ffd1b000000 - 0x00007ffd1b07a000 	C:\WINDOWS\System32\bcryptPrimitives.dll
0x00007ffcef3e0000 - 0x00007ffcef405000 	C:\Program Files\Java\jdk-17\bin\java.dll
0x00007ffcd8260000 - 0x00007ffcd8337000 	C:\Program Files\Java\jdk-17\bin\jsvml.dll
0x00007ffd1b8a0000 - 0x00007ffd1c0fd000 	C:\WINDOWS\System32\SHELL32.dll
0x00007ffd18590000 - 0x00007ffd18e88000 	C:\WINDOWS\SYSTEM32\windows.storage.dll
0x00007ffd18450000 - 0x00007ffd1858e000 	C:\WINDOWS\SYSTEM32\wintypes.dll
0x00007ffd1b4c0000 - 0x00007ffd1b5b3000 	C:\WINDOWS\System32\SHCORE.dll
0x00007ffd1b6e0000 - 0x00007ffd1b73e000 	C:\WINDOWS\System32\shlwapi.dll
0x00007ffd1a5a0000 - 0x00007ffd1a5c6000 	C:\WINDOWS\SYSTEM32\profapi.dll
0x00007ffcf2320000 - 0x00007ffcf2339000 	C:\Program Files\Java\jdk-17\bin\net.dll
0x00007ffd11670000 - 0x00007ffd117a7000 	C:\WINDOWS\SYSTEM32\WINHTTP.dll
0x00007ffd19c20000 - 0x00007ffd19c89000 	C:\WINDOWS\system32\mswsock.dll
0x00007ffcf1eb0000 - 0x00007ffcf1ec6000 	C:\Program Files\Java\jdk-17\bin\nio.dll
0x00007ffcef370000 - 0x00007ffcef388000 	C:\Program Files\Java\jdk-17\bin\zip.dll
0x0000015cdacf0000 - 0x0000015cdacf3000 	C:\Users\Matias\.openjfx\cache\19+11\amd64\api-ms-win-core-console-l1-1-0.dll
0x0000015cdad00000 - 0x0000015cdad03000 	C:\Users\Matias\.openjfx\cache\19+11\amd64\api-ms-win-core-console-l1-2-0.dll
0x0000015cdad10000 - 0x0000015cdad13000 	C:\Users\Matias\.openjfx\cache\19+11\amd64\api-ms-win-core-datetime-l1-1-0.dll
0x0000015cdad20000 - 0x0000015cdad23000 	C:\Users\Matias\.openjfx\cache\19+11\amd64\api-ms-win-core-debug-l1-1-0.dll
0x0000015cdad30000 - 0x0000015cdad33000 	C:\Users\Matias\.openjfx\cache\19+11\amd64\api-ms-win-core-errorhandling-l1-1-0.dll
0x0000015cdad40000 - 0x0000015cdad44000 	C:\Users\Matias\.openjfx\cache\19+11\amd64\api-ms-win-core-file-l1-1-0.dll
0x0000015cff120000 - 0x0000015cff123000 	C:\Users\Matias\.openjfx\cache\19+11\amd64\api-ms-win-core-file-l1-2-0.dll
0x0000015cff130000 - 0x0000015cff133000 	C:\Users\Matias\.openjfx\cache\19+11\amd64\api-ms-win-core-file-l2-1-0.dll
0x0000015cff140000 - 0x0000015cff143000 	C:\Users\Matias\.openjfx\cache\19+11\amd64\api-ms-win-core-handle-l1-1-0.dll
0x0000015cff150000 - 0x0000015cff153000 	C:\Users\Matias\.openjfx\cache\19+11\amd64\api-ms-win-core-heap-l1-1-0.dll
0x0000015cff160000 - 0x0000015cff163000 	C:\Users\Matias\.openjfx\cache\19+11\amd64\api-ms-win-core-interlocked-l1-1-0.dll
0x0000015cff170000 - 0x0000015cff173000 	C:\Users\Matias\.openjfx\cache\19+11\amd64\api-ms-win-core-libraryloader-l1-1-0.dll
0x0000015cff180000 - 0x0000015cff183000 	C:\Users\Matias\.openjfx\cache\19+11\amd64\api-ms-win-core-localization-l1-2-0.dll
0x0000015cff190000 - 0x0000015cff193000 	C:\Users\Matias\.openjfx\cache\19+11\amd64\api-ms-win-core-memory-l1-1-0.dll
0x0000015cff1a0000 - 0x0000015cff1a3000 	C:\Users\Matias\.openjfx\cache\19+11\amd64\api-ms-win-core-namedpipe-l1-1-0.dll
0x0000015cff1b0000 - 0x0000015cff1b3000 	C:\Users\Matias\.openjfx\cache\19+11\amd64\api-ms-win-core-processenvironment-l1-1-0.dll
0x0000015cff1c0000 - 0x0000015cff1c3000 	C:\Users\Matias\.openjfx\cache\19+11\amd64\api-ms-win-core-processthreads-l1-1-0.dll
0x0000015cff1d0000 - 0x0000015cff1d3000 	C:\Users\Matias\.openjfx\cache\19+11\amd64\api-ms-win-core-processthreads-l1-1-1.dll
0x0000015cff1e0000 - 0x0000015cff1e3000 	C:\Users\Matias\.openjfx\cache\19+11\amd64\api-ms-win-core-profile-l1-1-0.dll
0x0000015cff1f0000 - 0x0000015cff1f3000 	C:\Users\Matias\.openjfx\cache\19+11\amd64\api-ms-win-core-rtlsupport-l1-1-0.dll
0x0000015cff200000 - 0x0000015cff203000 	C:\Users\Matias\.openjfx\cache\19+11\amd64\api-ms-win-core-string-l1-1-0.dll
0x0000015cff210000 - 0x0000015cff213000 	C:\Users\Matias\.openjfx\cache\19+11\amd64\api-ms-win-core-synch-l1-1-0.dll
0x0000015cff220000 - 0x0000015cff223000 	C:\Users\Matias\.openjfx\cache\19+11\amd64\api-ms-win-core-synch-l1-2-0.dll
0x0000015cff230000 - 0x0000015cff233000 	C:\Users\Matias\.openjfx\cache\19+11\amd64\api-ms-win-core-sysinfo-l1-1-0.dll
0x0000015cff240000 - 0x0000015cff243000 	C:\Users\Matias\.openjfx\cache\19+11\amd64\api-ms-win-core-timezone-l1-1-0.dll
0x0000015cff250000 - 0x0000015cff253000 	C:\Users\Matias\.openjfx\cache\19+11\amd64\api-ms-win-core-util-l1-1-0.dll
0x0000015cff260000 - 0x0000015cff263000 	C:\Users\Matias\.openjfx\cache\19+11\amd64\api-ms-win-crt-conio-l1-1-0.dll
0x0000015cff270000 - 0x0000015cff274000 	C:\Users\Matias\.openjfx\cache\19+11\amd64\api-ms-win-crt-convert-l1-1-0.dll
0x0000015cff280000 - 0x0000015cff283000 	C:\Users\Matias\.openjfx\cache\19+11\amd64\api-ms-win-crt-environment-l1-1-0.dll
0x0000015cff290000 - 0x0000015cff293000 	C:\Users\Matias\.openjfx\cache\19+11\amd64\api-ms-win-crt-filesystem-l1-1-0.dll
0x0000015cff2a0000 - 0x0000015cff2a3000 	C:\Users\Matias\.openjfx\cache\19+11\amd64\api-ms-win-crt-heap-l1-1-0.dll
0x0000015cff2b0000 - 0x0000015cff2b3000 	C:\Users\Matias\.openjfx\cache\19+11\amd64\api-ms-win-crt-locale-l1-1-0.dll
0x0000015cff2c0000 - 0x0000015cff2c5000 	C:\Users\Matias\.openjfx\cache\19+11\amd64\api-ms-win-crt-math-l1-1-0.dll
0x0000015cff2d0000 - 0x0000015cff2d5000 	C:\Users\Matias\.openjfx\cache\19+11\amd64\api-ms-win-crt-multibyte-l1-1-0.dll
0x0000015cff2e0000 - 0x0000015cff2f0000 	C:\Users\Matias\.openjfx\cache\19+11\amd64\api-ms-win-crt-private-l1-1-0.dll
0x0000015cff2f0000 - 0x0000015cff2f3000 	C:\Users\Matias\.openjfx\cache\19+11\amd64\api-ms-win-crt-process-l1-1-0.dll
0x0000015cff300000 - 0x0000015cff304000 	C:\Users\Matias\.openjfx\cache\19+11\amd64\api-ms-win-crt-runtime-l1-1-0.dll
0x0000015cff310000 - 0x0000015cff314000 	C:\Users\Matias\.openjfx\cache\19+11\amd64\api-ms-win-crt-stdio-l1-1-0.dll
0x0000015cff320000 - 0x0000015cff324000 	C:\Users\Matias\.openjfx\cache\19+11\amd64\api-ms-win-crt-string-l1-1-0.dll
0x0000015cff330000 - 0x0000015cff333000 	C:\Users\Matias\.openjfx\cache\19+11\amd64\api-ms-win-crt-time-l1-1-0.dll
0x0000015cff340000 - 0x0000015cff343000 	C:\Users\Matias\.openjfx\cache\19+11\amd64\api-ms-win-crt-utility-l1-1-0.dll
0x00007ffcbfd50000 - 0x00007ffcbfe4c000 	C:\Users\Matias\.openjfx\cache\19+11\amd64\ucrtbase.dll
0x00007ffcf4dc0000 - 0x00007ffcf4ddb000 	C:\Users\Matias\.openjfx\cache\19+11\amd64\vcruntime140.dll
0x00007ffd00ca0000 - 0x00007ffd00cac000 	C:\Users\Matias\.openjfx\cache\19+11\amd64\vcruntime140_1.dll
0x00007ffce45e0000 - 0x00007ffce466e000 	C:\Users\Matias\.openjfx\cache\19+11\amd64\msvcp140.dll
0x00007ffcf1f50000 - 0x00007ffcf1f59000 	C:\Users\Matias\.openjfx\cache\19+11\amd64\msvcp140_1.dll
0x00007ffce9bd0000 - 0x00007ffce9c00000 	C:\Users\Matias\.openjfx\cache\19+11\amd64\msvcp140_2.dll
0x00007ffce93e0000 - 0x00007ffce940c000 	C:\Users\Matias\.openjfx\cache\19+11\amd64\prism_d3d.dll
0x00007ffcd5f00000 - 0x00007ffcd60a9000 	C:\WINDOWS\system32\d3d9.dll
0x00007ffd14f40000 - 0x00007ffd14f6b000 	C:\WINDOWS\SYSTEM32\dwmapi.dll
0x00007ffd17a10000 - 0x00007ffd17a49000 	C:\WINDOWS\SYSTEM32\dxcore.dll
0x00007ffd149b0000 - 0x00007ffd14a5b000 	C:\WINDOWS\system32\uxtheme.dll
0x00007ffcfff20000 - 0x00007ffcfffd0000 	C:\WINDOWS\SYSTEM32\d3d9on12.dll
0x00007ffd11ba0000 - 0x00007ffd11bc6000 	C:\WINDOWS\SYSTEM32\d3d12.dll
0x00007ffd14df0000 - 0x00007ffd14ee8000 	C:\WINDOWS\SYSTEM32\dxgi.dll
0x00007ffd1a380000 - 0x00007ffd1a3ce000 	C:\WINDOWS\SYSTEM32\cfgmgr32.dll
0x00007ffcd5cf0000 - 0x00007ffcd5ef3000 	C:\WINDOWS\SYSTEM32\D3D12Core.dll
0x00007ffd0aef0000 - 0x00007ffd0af17000 	C:\WINDOWS\System32\DriverStore\FileRepository\iigd_dch.inf_amd64_9741ef1f4093481f\igd12umd64.dll
0x00007ffcd15a0000 - 0x00007ffcd2259000 	C:\WINDOWS\System32\DriverStore\FileRepository\iigd_dch.inf_amd64_9741ef1f4093481f\igd12um64xel.dll
0x00007ffd1ad80000 - 0x00007ffd1aee6000 	C:\WINDOWS\System32\CRYPT32.dll
0x00007ffd1c5a0000 - 0x00007ffd1c73f000 	C:\WINDOWS\System32\ole32.dll
0x00007ffcef320000 - 0x00007ffcef364000 	C:\WINDOWS\SYSTEM32\ControlLib.dll
0x00007ffd1c120000 - 0x00007ffd1c594000 	C:\WINDOWS\System32\SETUPAPI.dll
0x00007ffd1a330000 - 0x00007ffd1a35c000 	C:\WINDOWS\SYSTEM32\DEVOBJ.dll
0x00007ffd0af20000 - 0x00007ffd0afa8000 	C:\WINDOWS\System32\DriverStore\FileRepository\iigd_dch.inf_amd64_9741ef1f4093481f\IntelControlLib.dll
0x00007ffd1aef0000 - 0x00007ffd1af5b000 	C:\WINDOWS\System32\WINTRUST.dll
0x00007ffd19ed0000 - 0x00007ffd19ee2000 	C:\WINDOWS\SYSTEM32\MSASN1.dll
0x00007ffd10010000 - 0x00007ffd1005a000 	C:\WINDOWS\SYSTEM32\directxdatabasehelper.dll
0x00007ffd0aab0000 - 0x00007ffd0aec7000 	C:\WINDOWS\System32\DriverStore\FileRepository\iigd_dch.inf_amd64_9741ef1f4093481f\igdgmm64.dll
0x00007ffd02b80000 - 0x00007ffd0687c000 	C:\WINDOWS\System32\DriverStore\FileRepository\iigd_dch.inf_amd64_9741ef1f4093481f\igc64.dll
0x00007ffd06a00000 - 0x00007ffd06a2f000 	C:\WINDOWS\SYSTEM32\D3DSCache.dll
0x00007ffd19d10000 - 0x00007ffd19d3c000 	C:\WINDOWS\SYSTEM32\USERENV.dll
0x00007ffcd01f0000 - 0x00007ffcd1595000 	C:\WINDOWS\System32\DriverStore\FileRepository\iigd_dch.inf_amd64_9741ef1f4093481f\igd12dxva64.dll
0x00007ffcce4d0000 - 0x00007ffcd01f0000 	C:\WINDOWS\System32\DriverStore\FileRepository\iigd_dch.inf_amd64_9741ef1f4093481f\media_bin_64.dll
0x00007ffd069d0000 - 0x00007ffd069f7000 	C:\WINDOWS\System32\DriverStore\FileRepository\iigd_dch.inf_amd64_9741ef1f4093481f\igdinfo64.dll
0x00007ffd0df60000 - 0x00007ffd0e1ef000 	C:\WINDOWS\SYSTEM32\twinapi.appcore.dll
0x00007ffce6d50000 - 0x00007ffce6d92000 	C:\Users\Matias\.openjfx\cache\19+11\amd64\glass.dll
0x00007ffd1d1c0000 - 0x00007ffd1d2b9000 	C:\WINDOWS\System32\COMDLG32.dll
0x00007ffd1b080000 - 0x00007ffd1b1d4000 	C:\WINDOWS\System32\MSCTF.dll
0x00007ffced540000 - 0x00007ffced554000 	C:\Users\Matias\.openjfx\cache\19+11\amd64\javafx_font.dll
0x00007ffd12840000 - 0x00007ffd12ab4000 	C:\WINDOWS\SYSTEM32\dwrite.dll

dbghelp: loaded successfully - version: 4.0.5 - missing functions: none
symbol engine: initialized successfully - sym options: 0x614 - pdb path: .;C:\Program Files\Java\jdk-17\bin;C:\WINDOWS\SYSTEM32;C:\WINDOWS\WinSxS\amd64_microsoft.windows.common-controls_6595b64144ccf1df_6.0.22621.3235_none_270f74e173860f98;C:\Program Files\Java\jdk-17\bin\server;C:\Users\Matias\.openjfx\cache\19+11\amd64;C:\WINDOWS\System32\DriverStore\FileRepository\iigd_dch.inf_amd64_9741ef1f4093481f;C:\Program Files\Common Files\Microsoft Shared\Ink

VM Arguments:
jvm_args: --module-path=C:\Kouluasiat\Ohj3Java\group3746\WeatherApp\target\classes;C:\Users\Matias\.m2\repository\com\google\code\gson\gson\2.9.0\gson-2.9.0.jar;C:\Users\Matias\.m2\repository\org\openjfx\javafx-base\19\javafx-base-19-win.jar;C:\Users\Matias\.m2\repository\org\openjfx\javafx-controls\19\javafx-controls-19-win.jar;C:\Users\Matias\.m2\repository\org\openjfx\javafx-graphics\19\javafx-graphics-19-win.jar --add-modules=fi.tuni.progthree.weatherapp -Djdk.module.main=fi.tuni.progthree.weatherapp 
java_command: fi.tuni.progthree.weatherapp/fi.tuni.prog3.weatherapp.WeatherApp
java_class_path (initial): C:\Users\Matias\.m2\repository\org\openjfx\javafx-base\19\javafx-base-19.jar;C:\Users\Matias\.m2\repository\org\openjfx\javafx-controls\19\javafx-controls-19.jar;C:\Users\Matias\.m2\repository\org\openjfx\javafx-graphics\19\javafx-graphics-19.jar
Launcher Type: SUN_STANDARD

[Global flags]
     intx CICompilerCount                          = 12                                        {product} {ergonomic}
     uint ConcGCThreads                            = 3                                         {product} {ergonomic}
     uint G1ConcRefinementThreads                  = 13                                        {product} {ergonomic}
   size_t G1HeapRegionSize                         = 2097152                                   {product} {ergonomic}
    uintx GCDrainStackTargetSize                   = 64                                        {product} {ergonomic}
   size_t InitialHeapSize                          = 264241152                                 {product} {ergonomic}
   size_t MarkStackSize                            = 4194304                                   {product} {ergonomic}
   size_t MaxHeapSize                              = 4198498304                                {product} {ergonomic}
   size_t MaxNewSize                               = 2518679552                                {product} {ergonomic}
   size_t MinHeapDeltaBytes                        = 2097152                                   {product} {ergonomic}
   size_t MinHeapSize                              = 8388608                                   {product} {ergonomic}
    uintx NonNMethodCodeHeapSize                   = 7602480                                {pd product} {ergonomic}
    uintx NonProfiledCodeHeapSize                  = 122027880                              {pd product} {ergonomic}
    uintx ProfiledCodeHeapSize                     = 122027880                              {pd product} {ergonomic}
    uintx ReservedCodeCacheSize                    = 251658240                              {pd product} {ergonomic}
     bool SegmentedCodeCache                       = true                                      {product} {ergonomic}
   size_t SoftMaxHeapSize                          = 4198498304                             {manageable} {ergonomic}
     bool UseCompressedClassPointers               = true                           {product lp64_product} {ergonomic}
     bool UseCompressedOops                        = true                           {product lp64_product} {ergonomic}
     bool UseG1GC                                  = true                                      {product} {ergonomic}
     bool UseLargePagesIndividualAllocation        = false                                  {pd product} {ergonomic}

Logging:
Log output configuration:
 #0: stdout all=warning uptime,level,tags
 #1: stderr all=off uptime,level,tags

Environment Variables:
JAVA_HOME=C:\Program Files\Java\jdk-17
PATH=C:\Program Files\Common Files\Oracle\Java\javapath;C:\CyberSec\bin\;C:\Python311\Scripts\;C:\Python311\;C:\WINDOWS\system32;C:\WINDOWS;C:\WINDOWS\System32\Wbem;C:\WINDOWS\System32\WindowsPowerShell\v1.0\;C:\WINDOWS\System32\OpenSSH\;C:\Kouluasiat\Matlab\bin;C:\Kouluasiat\;C:\ProgramData\chocolatey\bin;C:\Kouluasiat\Git\cmd;C:\Users\Matias\AppData\Local\Microsoft\WindowsApps;;C:\Kouluasiat\Microsoft VS Code\bin;C:\Users\Matias\AppData\Roaming\npm
USERNAME=Matias
OS=Windows_NT
PROCESSOR_IDENTIFIER=Intel64 Family 6 Model 154 Stepping 3, GenuineIntel



---------------  S Y S T E M  ---------------

OS:
 Windows 11 , 64 bit Build 22621 (10.0.22621.3235)
OS uptime: 12 days 22:49 hours
Hyper-V role detected

CPU: total 16 (initial active 16) (8 cores per cpu, 2 threads per core) family 6 model 154 stepping 3 microcode 0x421, cx8, cmov, fxsr, ht, mmx, 3dnowpref, sse, sse2, sse3, ssse3, sse4.1, sse4.2, popcnt, lzcnt, tsc, tscinvbit, avx, avx2, aes, erms, clmul, bmi1, bmi2, adx, sha, fma, vzeroupper, clflush, clflushopt, clwb, hv

Memory: 4k page, system-wide physical 16012M (5554M free)
TotalPageFile size 18444M (AvailPageFile size 3414M)
current process WorkingSet (physical memory assigned to process): 318M, peak: 318M
current process commit charge ("private bytes"): 608M, peak: 609M

vm_info: Java HotSpot(TM) 64-Bit Server VM (17.0.10+11-LTS-240) for windows-amd64 JRE (17.0.10+11-LTS-240), built on Dec 19 2023 21:47:25 by "mach5one" with MS VC++ 17.1 (VS2022)

END.
